No solution
2 2 4
3 1 3 5
1 2
1 1
1 2
1 1
1 2
2 1 3
1 2
2 1 3
2 2 4
2 1 3
2 3 4
2 1 2
2 3 5
3 1 2 4
2 2 4
3 1 3 5
3 3 5 6
3 1 2 4
2 4 6
4 1 2 3 5
3 2 3 7
4 1 4 5 6
3 3 4 5
4 1 2 6 7
4 3 6 7 8
4 1 2 4 5
4 2 3 6 7
4 1 4 5 8
4 2 3 5 6
5 1 4 7 8 9
4 5 6 7 8
5 1 2 3 4 9
5 4 7 8 9 10
5 1 2 3 5 6
5 2 4 5 6 9
5 1 3 7 8 10
No solution
5 1 7 8 9 10
6 2 3 4 5 6 11
No solution
6 3 4 7 10 11 12
6 1 2 5 6 8 9
6 3 7 8 9 11 12
7 1 2 4 5 6 10 13
6 1 2 4 8 9 12
7 3 5 6 7 10 11 13
No solution
7 2 3 7 9 11 12 14
7 1 4 5 6 8 10 13
7 1 8 9 11 12 14 15
8 2 3 4 5 6 7 10 13
7 5 6 7 9 11 12 15
8 1 2 3 4 8 10 13 14
8 3 4 11 12 13 14 15 16
8 1 2 5 6 7 8 9 10
8 2 3 6 8 9 11 13 16
8 1 4 5 7 10 12 14 15
8 5 9 10 11 13 15 16 17
9 1 2 3 4 6 7 8 12 14
8 2 5 7 9 12 13 14 16
9 1 3 4 6 8 10 11 15 17
9 4 8 9 10 11 13 14 15 16
9 1 2 3 5 6 7 12 17 18
9 1 2 3 7 9 12 14 15 16
9 4 5 6 8 10 11 13 17 18
9 1 7 9 10 11 12 13 17 19
10 2 3 4 5 6 8 14 15 16 18
9 1 3 4 5 8 9 12 13 17
10 2 6 7 10 11 14 15 16 18 19
10 1 8 9 10 12 13 14 15 17 19
10 2 3 4 5 6 7 11 16 18 20
10 1 3 8 12 14 15 16 17 19 20
10 2 4 5 6 7 9 10 11 13 18
10 3 6 9 10 14 15 16 17 18 20
11 1 2 4 5 7 8 11 12 13 19 21
10 2 4 5 6 7 10 13 16 18 21
11 1 3 8 9 11 12 14 15 17 19 20
11 4 8 9 12 13 14 15 17 18 19 20
11 1 2 3 5 6 7 10 11 16 21 22
11 3 6 8 9 10 13 15 16 18 19 22
11 1 2 4 5 7 11 12 14 17 20 21
11 6 9 12 13 14 15 16 17 18 22 23
12 1 2 3 4 5 7 8 10 11 19 20 21
11 1 5 7 10 11 13 17 18 20 21 23
12 2 3 4 6 8 9 12 14 15 16 19 22
12 8 10 12 13 14 15 16 17 18 19 21 22
12 1 2 3 4 5 6 7 9 11 20 23 24
12 2 3 5 7 8 10 11 12 13 15 19 23
12 1 4 6 9 14 16 17 18 20 21 22 24
12 9 11 12 13 14 15 16 18 19 21 23 24
13 1 2 3 4 5 6 7 8 10 17 20 22 25
12 2 5 8 12 14 15 16 17 18 20 24 25
13 1 3 4 6 7 9 10 11 13 19 21 22 23
13 5 6 11 13 15 16 17 18 20 21 22 25 26
13 1 2 3 4 7 8 9 10 12 14 19 23 24
13 1 5 8 10 11 12 17 18 19 21 22 24 26
13 2 3 4 6 7 9 13 14 15 16 20 23 25
13 9 13 14 16 17 18 19 20 21 22 23 25 26
14 1 2 3 4 5 6 7 8 10 11 12 15 24 27
13 5 6 11 12 15 17 19 21 22 23 24 26 27
14 1 2 3 4 7 8 9 10 13 14 16 18 20 25
14 13 14 15 16 17 18 19 21 22 23 24 25 26 28
14 1 2 3 4 5 6 7 8 9 10 11 12 20 27
14 4 5 6 8 11 12 13 14 19 22 23 26 27 28
14 1 2 3 7 9 10 15 16 17 18 20 21 24 25
14 3 7 9 12 13 15 17 21 22 23 26 27 28 29
15 1 2 4 5 6 8 10 11 14 16 18 19 20 24 25
14 1 4 6 9 10 14 15 17 18 21 22 26 28 29
15 2 3 5 7 8 11 12 13 16 19 20 23 24 25 27
15 5 6 8 13 14 16 17 21 22 25 26 27 28 29 30
15 1 2 3 4 7 9 10 11 12 15 18 19 20 23 24
15 2 3 6 8 9 10 11 13 15 17 22 24 25 27 28
15 1 4 5 7 12 14 16 18 19 20 21 23 26 29 30
15 1 7 10 12 13 15 17 18 19 20 22 24 26 27 30
16 2 3 4 5 6 8 9 11 14 16 21 23 25 28 29 31
15 5 6 8 9 13 14 18 19 20 25 26 27 28 30 31
16 1 2 3 4 7 10 11 12 15 16 17 21 22 23 24 29
16 9 11 15 18 19 20 21 22 23 24 25 26 27 29 31 32
16 1 2 3 4 5 6 7 8 10 12 13 14 16 17 28 30
16 1 2 3 5 7 9 12 13 16 18 19 23 24 26 30 32
16 4 6 8 10 11 14 15 17 20 21 22 25 27 28 29 31
16 4 8 11 12 14 19 23 24 25 26 27 28 29 30 32 33
17 1 2 3 5 6 7 9 10 13 15 16 17 18 20 21 22 31
16 3 5 13 14 15 16 17 19 21 22 24 26 27 28 29 32
17 1 2 4 6 7 8 9 10 11 12 18 20 23 25 30 31 33
No solution
17 4 6 11 13 14 15 17 19 20 21 24 26 30 31 32 33 34
17 1 2 3 5 7 8 9 10 12 16 18 22 23 25 27 28 29
17 1 2 15 18 21 22 23 24 25 26 27 28 29 30 32 34 35
18 3 4 5 6 7 8 9 10 11 12 13 14 16 17 19 20 31 33
17 6 7 8 9 10 11 13 14 15 17 20 27 28 29 32 34 35
18 1 2 3 4 5 12 16 18 19 21 22 23 24 25 26 30 31 33
18 8 10 11 12 14 16 18 19 21 23 26 27 28 29 30 31 33 34
18 1 2 3 4 5 6 7 9 13 15 17 20 22 24 25 32 35 36
18 1 8 14 16 17 18 19 20 24 26 28 29 30 32 33 34 35 36
18 2 3 4 5 6 7 9 10 11 12 13 15 21 22 23 25 27 31
18 4 5 10 13 17 20 21 24 26 27 28 29 31 32 33 34 36 37
19 1 2 3 6 7 8 9 11 12 14 15 16 18 19 22 23 25 30 35
18 1 2 7 15 17 18 19 21 23 24 25 29 30 32 33 34 35 37
19 3 4 5 6 8 9 10 11 12 13 14 16 20 22 26 27 28 31 36
19 3 6 8 19 20 23 24 25 26 27 28 29 30 31 32 33 34 35 37
19 1 2 4 5 7 9 10 11 12 13 14 15 16 17 18 21 22 36 38
19 4 5 8 9 11 12 16 19 20 22 23 24 25 29 31 34 35 36 37
19 1 2 3 6 7 10 13 14 15 17 18 21 26 27 28 30 32 33 38
No solution
19 3 7 12 13 14 18 22 23 27 28 29 30 31 32 34 36 37 38 39
20 1 2 4 5 6 8 9 10 11 15 16 17 19 20 21 24 25 26 33 35
No solution
20 2 5 6 11 12 16 17 19 20 21 22 27 29 30 32 33 34 36 37 40
20 1 3 4 7 8 9 10 13 14 15 18 23 24 25 26 28 31 35 38 39
20 2 10 15 16 17 18 21 22 23 24 25 26 30 31 32 35 37 38 39 40
21 1 3 4 5 6 7 8 9 11 12 13 14 19 20 27 28 29 33 34 36 41
20 6 7 9 12 13 14 20 22 23 24 25 26 30 31 35 36 37 38 39 40
21 1 2 3 4 5 8 10 11 15 16 17 18 19 21 27 28 29 32 33 34 41
21 4 5 11 12 15 17 19 20 22 23 24 26 29 31 34 35 36 37 38 39 41
21 1 2 3 6 7 8 9 10 13 14 16 18 21 25 27 28 30 32 33 40 42
21 2 3 9 11 13 15 16 17 22 23 26 28 29 30 32 33 35 37 38 41 42
21 1 4 5 6 7 8 10 12 14 18 19 20 21 24 25 27 31 34 36 39 40
21 3 6 15 16 21 23 25 27 28 29 31 32 33 35 36 37 38 39 40 41 43
22 1 2 4 5 7 8 9 10 11 12 13 14 17 18 19 20 22 24 26 30 34 42
21 2 3 8 9 11 15 16 17 18 19 20 21 22 24 26 30 31 34 39 40 41
22 1 4 5 6 7 10 12 13 14 23 25 27 28 29 32 33 35 36 37 38 42 43
22 5 8 9 12 13 20 21 23 26 27 30 31 32 33 34 35 36 38 40 41 42 44
22 1 2 3 4 6 7 10 11 14 15 16 17 18 19 22 24 25 28 29 37 39 43
22 4 6 9 10 11 12 14 15 21 26 27 29 31 33 34 35 36 37 38 41 42 43
22 1 2 3 5 7 8 13 16 17 18 19 20 22 23 24 25 28 30 32 39 40 44
22 2 3 10 12 19 20 22 23 24 26 29 30 31 32 36 38 39 40 42 43 44 45
23 1 4 5 6 7 8 9 11 13 14 15 16 17 18 21 25 27 28 33 34 35 37 41
22 1 8 11 13 15 16 20 21 22 23 27 29 31 32 33 36 37 39 40 42 43 44
23 2 3 4 5 6 7 9 10 12 14 17 18 19 24 25 26 28 30 34 35 38 41 45
23 1 5 7 10 18 19 21 22 26 28 30 32 33 35 36 37 38 39 41 43 44 45 46
23 2 3 4 6 8 9 11 12 13 14 15 16 17 20 23 24 25 27 29 31 34 40 42
23 1 2 6 7 8 12 13 14 18 20 21 24 26 29 32 37 38 40 41 42 43 44 46
23 3 4 5 9 10 11 15 16 17 19 22 23 25 27 28 30 31 33 34 35 36 39 45
23 2 6 18 20 21 22 24 25 26 27 31 32 33 34 36 37 38 39 42 43 45 46 47
24 1 3 4 5 7 8 9 10 11 12 13 14 15 16 17 19 23 28 29 30 35 40 41 44
23 2 3 4 6 8 12 13 16 17 20 21 22 24 26 27 30 31 33 34 39 40 42 45
24 1 5 7 9 10 11 14 15 18 19 23 25 28 29 32 35 36 37 38 41 43 44 46 47
24 1 5 11 12 13 20 21 23 24 25 30 31 32 33 34 35 37 40 41 43 44 45 46 47
24 2 3 4 6 7 8 9 10 14 15 16 17 18 19 22 26 27 28 29 36 38 39 42 48
24 1 2 10 12 13 14 17 20 21 25 27 32 33 34 35 36 38 39 40 41 42 44 46 47
24 3 4 5 6 7 8 9 11 15 16 18 19 22 23 24 26 28 29 30 31 37 43 45 48
24 7 13 20 21 24 25 26 27 28 31 32 33 34 35 36 37 38 41 42 43 44 46 47 49
25 1 2 3 4 5 6 8 9 10 11 12 14 15 16 17 18 19 22 23 29 30 39 40 45 48
24 5 6 9 15 18 21 22 23 24 25 26 28 30 31 32 33 35 36 38 40 41 42 43 49
25 1 2 3 4 7 8 10 11 12 13 14 16 17 19 20 27 29 34 37 39 44 45 46 47 48
25 5 7 12 18 20 24 25 26 28 29 32 33 34 36 37 38 39 40 42 45 46 47 48 49 50
25 1 2 3 4 6 8 9 10 11 13 14 15 16 17 19 21 22 23 27 30 31 35 41 43 44
25 1 2 4 8 9 17 21 22 23 25 26 28 30 32 33 35 37 39 40 42 43 44 45 48 49
25 3 5 6 7 10 11 12 13 14 15 16 18 19 20 24 27 29 31 34 36 38 41 46 47 50
25 14 16 19 20 21 22 24 25 27 28 31 32 33 34 35 38 40 41 43 44 45 46 48 50 51
26 1 2 3 4 5 6 7 8 9 10 11 12 13 15 17 18 23 26 29 30 36 37 39 42 47 49
25 1 2 4 10 15 18 20 23 25 26 27 31 33 35 36 37 38 39 44 45 46 47 49 50 51
26 3 5 6 7 8 9 11 12 13 14 16 17 19 21 22 24 28 29 30 32 34 40 41 42 43 48
26 3 5 8 13 15 19 22 28 30 31 32 34 36 37 38 39 41 42 43 44 46 47 49 50 51 52
26 1 2 4 6 7 9 10 11 12 14 16 17 18 20 21 23 24 25 26 27 29 33 35 40 45 48
26 6 8 9 10 19 20 23 26 28 30 31 32 34 35 36 37 38 39 41 43 45 47 48 49 50 51
26 1 2 3 4 5 7 11 12 13 14 15 16 17 18 21 22 24 25 27 29 33 40 42 44 46 52
No solution
26 4 7 9 15 17 21 23 26 28 29 30 31 34 38 39 42 43 45 46 47 48 49 50 51 52 53
27 1 2 3 5 6 8 10 11 12 13 14 16 18 19 20 22 24 25 27 32 33 35 36 37 40 41 44
27 3 7 12 13 19 20 26 27 28 29 30 31 32 33 34 38 39 41 42 44 45 47 49 51 52 53 54
27 1 2 4 5 6 8 9 10 11 14 15 16 17 18 21 22 23 24 25 35 36 37 40 43 46 48 50
27 6 9 16 17 18 21 22 23 25 28 29 30 31 32 33 35 36 38 39 40 42 45 48 49 50 51 54
27 1 2 3 4 5 7 8 10 11 12 13 14 15 19 20 24 26 27 34 37 41 43 44 46 47 52 53
27 9 11 13 22 23 24 25 27 28 29 30 31 32 34 36 38 39 40 41 42 44 45 47 50 51 53 55
28 1 2 3 4 5 6 7 8 10 12 14 15 16 17 18 19 20 21 26 33 35 37 43 46 48 49 52 54
27 11 12 13 14 15 19 20 21 23 24 25 28 29 32 34 35 37 38 39 44 45 47 48 50 51 52 55
28 1 2 3 4 5 6 7 8 9 10 16 17 18 22 26 27 30 31 33 36 40 41 42 43 46 49 53 54
28 8 13 14 17 20 21 29 31 33 34 36 37 39 41 42 43 44 45 46 48 49 50 51 52 53 54 55 56
28 1 2 3 4 5 6 7 9 10 11 12 15 16 18 19 22 23 24 25 26 27 28 30 32 35 38 40 47
28 4 5 8 9 10 14 17 19 24 25 27 28 29 32 33 36 39 40 41 42 43 44 45 46 48 51 55 56
28 1 2 3 6 7 11 12 13 15 16 18 20 21 22 23 26 30 31 34 35 37 38 47 49 50 52 53 54
28 4 9 10 11 14 15 17 20 26 28 32 34 35 36 37 38 39 40 41 43 44 45 47 51 52 53 54 57
29 1 2 3 5 6 7 8 12 13 16 18 19 21 22 23 24 25 27 29 30 31 33 42 46 48 49 50 55 56
28 6 10 11 12 13 15 17 19 20 23 25 30 31 33 34 36 37 38 39 40 41 44 46 47 50 51 54 57
29 1 2 3 4 5 7 8 9 14 16 18 21 22 24 26 27 28 29 32 35 42 43 45 48 49 52 53 55 56
29 6 7 12 17 20 22 23 25 26 29 34 35 36 37 38 39 40 42 43 44 45 46 51 52 53 54 56 57 58
29 1 2 3 4 5 8 9 10 11 13 14 15 16 18 19 21 24 27 28 30 31 32 33 41 47 48 49 50 55
29 4 5 6 7 15 17 20 21 22 24 28 29 32 35 36 37 39 40 42 43 44 49 50 52 53 54 55 57 58
29 1 2 3 8 9 10 11 12 13 14 16 18 19 23 25 26 27 30 31 33 34 38 41 45 46 47 48 51 56
29 1 11 14 17 23 28 32 33 34 36 37 38 39 40 41 43 44 45 46 48 49 50 51 52 54 56 57 58 59
30 2 3 4 5 6 7 8 9 10 12 13 15 16 18 19 20 21 22 24 25 26 27 29 30 31 35 42 47 53 55
29 8 10 11 18 19 21 24 25 27 29 30 31 33 35 36 37 38 39 40 42 46 47 48 52 53 55 56 57 59
30 1 2 3 4 5 6 7 9 12 13 14 15 16 17 20 22 23 26 28 32 34 41 43 44 45 49 50 51 54 58
30 2 3 9 11 16 20 24 26 30 31 32 34 36 37 38 39 40 44 45 46 47 48 49 51 53 54 55 57 58 59
30 1 4 5 6 7 8 10 12 13 14 15 17 18 19 21 22 23 25 27 28 29 33 35 41 42 43 50 52 56 60
30 4 5 11 13 16 18 20 21 22 24 26 28 29 30 32 33 36 37 38 39 40 41 45 47 50 51 54 55 57 60
30 1 2 3 6 7 8 9 10 12 14 15 17 19 23 25 27 31 34 35 42 43 44 46 48 49 52 53 56 58 59
30 3 9 12 13 14 19 21 22 29 30 32 34 36 37 39 41 43 46 48 49 50 51 52 53 54 55 58 59 60 61
31 1 2 4 5 6 7 8 10 11 15 16 17 18 20 23 24 25 26 27 28 31 33 35 38 40 42 44 45 47 56 57
30 1 2 3 7 15 20 24 26 29 30 31 33 34 37 38 40 41 42 43 44 46 48 49 50 51 54 55 56 59 61
31 4 5 6 8 9 10 11 12 13 14 16 17 18 19 21 22 23 25 27 28 32 35 36 39 45 47 52 53 57 58 60
No solution
31 2 3 6 8 13 17 19 20 22 23 25 26 27 28 29 31 32 34 35 37 38 40 43 46 48 49 50 51 58 61 62
31 1 4 5 7 9 10 11 12 14 15 16 18 21 24 30 33 36 39 41 42 44 45 47 52 53 54 55 56 57 59 60
31 2 8 13 16 20 29 32 33 34 39 40 41 43 44 45 46 47 48 50 51 52 53 54 55 57 58 59 60 61 62 63
32 1 3 4 5 6 7 9 10 11 12 14 15 17 18 19 21 22 23 24 25 26 27 28 30 31 35 36 37 38 42 49 56
31 1 4 5 20 24 26 28 29 32 33 34 35 36 38 41 42 43 44 45 47 49 50 53 54 55 56 58 59 60 62 63
32 2 3 6 7 8 9 10 11 12 13 14 15 16 17 18 19 21 22 23 25 27 30 31 37 39 40 46 48 51 52 57 61
32 6 8 16 27 31 33 34 36 37 38 39 40 41 42 43 45 47 48 49 50 51 52 53 54 55 56 57 58 59 60 61 63
32 1 2 3 4 5 7 9 10 11 12 13 14 15 17 18 19 20 21 22 23 24 25 26 28 29 30 32 35 44 46 62 64
32 1 3 5 7 9 12 16 17 19 20 21 22 23 25 26 28 32 33 35 36 37 38 41 42 44 47 48 49 57 60 61 63
32 2 4 6 8 10 11 13 14 15 18 24 27 29 30 31 34 39 40 43 45 46 50 51 52 53 54 55 56 58 59 62 64
No solution
32 5 8 9 10 13 15 16 17 18 21 24 26 31 32 33 34 35 38 39 41 42 49 50 51 55 57 58 59 61 62 64 65
33 1 2 3 4 6 7 11 12 14 19 20 22 23 25 27 28 29 30 36 37 40 43 44 45 46 47 48 52 53 54 56 60 63
No solution
33 3 8 13 15 19 20 23 24 25 26 27 28 33 34 35 36 37 40 42 44 46 47 50 51 52 53 54 55 56 59 61 62 63
33 1 2 4 5 6 7 9 10 11 12 14 16 17 18 21 22 29 30 31 32 38 39 41 43 45 48 49 57 58 60 64 65 66
33 4 7 11 12 14 16 17 20 21 28 33 37 39 40 41 42 43 44 45 46 47 49 50 52 53 54 56 57 62 64 65 66 67
34 1 2 3 5 6 8 9 10 13 15 18 19 22 23 24 25 26 27 29 30 31 32 34 35 36 38 48 51 55 58 59 60 61 63
33 3 5 9 11 15 17 22 24 25 30 31 32 33 34 35 37 43 45 46 49 50 51 52 53 54 55 56 57 59 60 62 63 64
34 1 2 4 6 7 8 10 12 13 14 16 18 19 20 21 23 26 27 28 29 36 38 39 40 41 42 44 47 48 58 61 65 66 67
34 6 11 18 21 24 26 29 30 31 32 33 36 37 39 40 42 43 44 45 46 48 49 50 51 53 54 56 58 59 60 61 62 64 66
34 1 2 3 4 5 7 8 9 10 12 13 14 15 16 17 19 20 22 23 25 27 28 34 35 38 41 47 52 55 57 63 65 67 68
34 3 5 6 8 12 13 14 15 16 17 21 24 25 27 31 37 39 41 44 45 46 48 49 50 51 52 53 58 61 62 63 64 65 68
34 1 2 4 7 9 10 11 18 19 20 22 23 26 28 29 30 32 33 34 35 36 38 40 42 43 47 54 55 56 57 59 60 66 67
34 8 10 12 18 21 22 25 34 35 38 39 40 42 43 44 45 47 48 49 50 52 53 54 56 57 59 60 62 63 64 65 67 68 69
35 1 2 3 4 5 6 7 9 11 13 14 15 16 17 19 20 23 24 26 27 28 29 30 31 32 33 36 37 41 46 51 55 58 61 66
34 2 6 7 12 14 16 18 21 23 24 27 30 32 35 37 41 44 45 46 48 49 51 55 56 57 59 60 62 63 64 65 67 68 69
35 1 3 4 5 8 9 10 11 13 15 17 19 20 22 25 26 28 29 31 33 34 36 38 39 40 42 43 47 50 52 53 54 58 61 66
35 6 8 13 14 22 24 27 29 30 34 36 38 39 41 42 43 44 45 48 49 50 51 52 53 54 55 56 57 58 62 64 65 66 68 69
35 1 2 3 4 5 7 9 10 11 12 15 16 17 18 19 20 21 23 25 26 28 31 32 33 35 37 40 46 47 59 60 61 63 67 70
35 1 3 7 11 12 14 15 16 17 18 25 27 28 29 32 33 40 41 45 47 50 51 53 54 56 57 58 59 60 61 63 64 67 69 70
35 2 4 5 6 8 9 10 13 19 20 21 22 23 24 26 30 31 34 35 36 37 38 39 42 43 44 46 48 49 52 55 62 65 66 68
No solution
35 3 5 7 11 14 18 19 22 23 24 31 33 37 38 39 40 41 43 44 45 46 47 49 52 54 56 58 59 61 62 66 68 69 70 71
36 1 2 4 6 8 9 10 12 13 15 16 17 20 21 25 26 27 28 29 30 32 34 35 36 42 48 50 51 53 55 57 60 63 64 65 67
36 10 15 17 19 21 22 26 32 34 35 36 37 38 39 40 41 42 43 47 50 53 54 55 57 58 59 60 61 62 63 64 66 68 70 71 72
36 1 2 3 4 5 6 7 8 9 11 12 13 14 16 18 20 23 24 25 27 28 29 30 31 33 44 45 46 48 49 51 52 56 65 67 69
36 5 7 8 11 14 17 20 22 24 28 32 33 37 38 39 41 42 43 45 47 49 51 54 56 57 58 59 61 62 63 65 66 67 68 69 70
36 1 2 3 4 6 9 10 12 13 15 16 18 19 21 23 25 26 27 29 30 31 34 35 36 40 44 46 48 50 52 53 55 60 64 71 72
36 3 8 19 20 24 25 27 31 32 33 35 36 39 40 42 44 45 46 48 50 51 52 54 57 58 59 60 62 65 66 67 68 69 70 71 72
37 1 2 4 5 6 7 9 10 11 12 13 14 15 16 17 18 21 22 23 26 28 29 30 34 37 38 41 43 47 49 53 55 56 61 63 64 73
36 2 8 12 14 15 17 20 21 22 23 24 25 26 27 33 35 36 37 39 42 43 49 51 53 57 58 59 60 62 63 64 67 68 69 70 73
37 1 3 4 5 6 7 9 10 11 13 16 18 19 28 29 30 31 32 34 38 40 41 44 45 46 47 48 50 52 54 55 56 61 65 66 71 72
37 2 5 10 15 28 29 31 33 34 35 36 37 38 39 40 42 43 45 46 47 48 50 51 53 59 60 63 65 66 67 68 69 70 71 72 73 74
37 1 3 4 6 7 8 9 11 12 13 14 16 17 18 19 20 21 22 23 24 25 26 27 30 32 41 44 49 52 54 55 56 57 58 61 62 64
37 1 13 15 17 19 23 25 28 29 31 32 33 34 35 36 37 38 40 44 46 47 49 50 52 53 55 56 57 58 59 60 66 68 70 71 72 73
37 2 3 4 5 6 7 8 9 10 11 12 14 16 18 20 21 22 24 26 27 30 39 41 42 43 45 48 51 54 61 62 63 64 65 67 69 74
No solution
37 1 3 4 5 8 13 14 21 22 24 28 29 30 31 32 33 36 39 41 42 45 49 51 52 54 56 57 58 60 61 62 66 68 69 71 74 75
38 2 6 7 9 10 11 12 15 16 17 18 19 20 23 25 26 27 34 35 37 38 40 43 44 46 47 48 50 53 55 59 63 64 65 67 70 72 73
38 9 11 15 16 22 32 33 35 36 37 38 39 40 41 42 44 45 46 48 49 50 51 52 53 54 55 56 57 58 60 61 63 68 69 71 72 74 75
38 1 2 3 4 5 6 7 8 10 12 13 14 17 18 19 20 21 23 24 25 26 27 28 29 30 31 34 43 47 59 62 64 65 66 67 70 73 76
38 2 4 14 17 18 19 23 28 29 30 32 33 36 37 38 39 40 41 44 47 48 49 53 55 56 57 59 60 61 62 63 64 65 66 67 68 75 76
38 1 3 5 6 7 8 9 10 11 12 13 15 16 20 21 22 24 25 26 27 31 34 35 42 43 45 46 50 51 52 54 58 69 70 71 72 73 74
38 3 12 16 17 26 28 31 34 35 38 41 45 46 47 48 49 50 51 52 53 56 57 60 61 62 64 65 66 67 68 69 70 71 72 73 75 76 77
39 1 2 4 5 6 7 8 9 10 11 13 14 15 18 19 20 21 22 23 24 25 27 29 30 32 33 36 37 39 40 42 43 44 54 55 58 59 63 74
38 1 3 5 7 18 19 21 25 27 29 30 33 36 37 38 40 44 46 47 48 50 51 53 55 57 61 62 64 65 66 67 69 70 71 73 74 75 77
39 2 4 6 8 9 10 11 12 13 14 15 16 17 20 22 23 24 26 28 31 32 34 35 39 41 42 43 45 49 52 54 56 58 59 60 63 68 72 76
39 1 12 15 18 23 27 28 30 31 32 35 36 37 39 40 41 42 43 44 46 48 49 50 51 52 53 54 58 59 60 61 62 63 64 65 74 75 77 78
39 2 3 4 5 6 7 8 9 10 11 13 14 16 17 19 20 21 22 24 25 26 29 33 34 38 45 47 55 56 57 66 67 68 69 70 71 72 73 76
39 3 5 10 13 22 23 24 29 31 32 33 34 35 36 37 42 43 45 47 49 50 51 52 54 58 59 61 62 63 67 68 69 71 73 74 75 76 77 78
39 1 2 4 6 7 8 9 11 12 14 15 16 17 18 19 20 21 25 26 27 28 30 38 39 40 41 44 46 48 53 55 56 57 60 64 65 66 70 72
39 19 21 22 23 25 27 32 37 39 40 43 44 46 48 49 50 51 52 53 55 56 57 58 59 60 61 62 63 64 65 66 68 70 72 74 75 76 78 79
40 1 2 3 4 5 6 7 8 9 10 11 12 13 14 15 16 17 18 20 24 26 28 29 30 31 33 34 35 36 38 41 42 45 47 54 67 69 71 73 77
39 1 5 12 18 19 26 28 31 34 35 36 39 41 42 43 47 50 51 52 53 54 56 57 58 59 60 63 64 65 67 68 69 70 71 72 73 75 77 79
40 2 3 4 6 7 8 9 10 11 13 14 15 16 17 20 21 22 23 24 25 27 29 30 32 33 37 38 40 44 45 46 48 49 55 61 62 66 74 76 78
40 3 6 12 25 28 29 30 31 32 33 34 35 36 37 39 40 41 42 44 46 49 50 51 52 53 54 56 61 65 66 67 69 70 72 74 75 76 77 78 80
40 1 2 4 5 7 8 9 10 11 13 14 15 16 17 18 19 20 21 22 23 24 26 27 38 43 45 47 48 55 57 58 59 60 62 63 64 68 71 73 79
40 1 2 4 7 15 22 24 27 28 29 30 32 35 36 38 40 42 43 44 49 50 51 54 55 56 58 60 64 65 66 67 68 71 72 73 74 76 78 79 80
40 3 5 6 8 9 10 11 12 13 14 16 17 18 19 20 21 23 25 26 31 33 34 37 39 41 45 46 47 48 52 53 57 59 61 62 63 69 70 75 77
40 2 5 7 8 10 20 24 27 29 32 34 44 45 46 47 49 51 52 53 54 55 56 57 60 63 64 65 66 67 68 70 71 72 73 74 75 77 78 79 81
41 1 3 4 6 9 11 12 13 14 15 16 17 18 19 21 22 23 25 26 28 30 31 33 35 36 37 38 39 40 41 42 43 48 50 58 59 61 62 69 76 80
40 3 9 10 12 13 15 16 18 22 24 25 26 28 30 38 39 42 45 49 52 53 54 55 56 58 62 63 64 66 67 69 70 71 72 74 75 76 77 78 81
41 1 2 4 5 6 7 8 11 14 17 19 20 21 23 27 29 31 32 33 34 35 36 37 40 41 43 44 46 47 48 50 51 57 59 60 61 65 68 73 79 80
No solution
41 2 3 5 7 8 10 11 12 14 15 17 23 24 27 30 35 38 39 40 41 42 44 48 50 54 55 56 58 59 61 62 63 64 67 70 74 78 79 80 81 82
41 1 4 6 9 13 16 18 19 20 21 22 25 26 28 29 31 32 33 34 36 37 43 45 46 47 49 51 52 53 57 60 65 66 68 69 71 72 73 75 76 77
No solution
41 1 2 7 8 10 11 12 13 15 16 18 19 26 27 29 31 32 36 39 44 46 50 51 55 56 59 60 61 62 67 69 70 71 73 75 76 78 80 81 82 83
42 3 4 5 6 9 14 17 20 21 22 23 24 25 28 30 33 34 35 37 38 40 41 42 43 45 47 48 49 52 53 54 57 58 63 64 65 66 68 72 74 77 79
No solution
42 2 12 15 16 17 18 19 21 22 23 24 25 26 28 29 30 31 33 35 40 41 44 46 48 50 52 55 56 57 58 59 60 62 63 64 71 72 74 75 77 80 83
42 1 3 4 5 6 7 8 9 10 11 13 14 20 27 32 34 36 37 38 39 42 43 45 47 49 51 53 54 61 65 66 67 68 69 70 73 76 78 79 81 82 84
42 9 12 19 26 29 31 35 36 37 38 39 41 42 44 45 46 47 48 50 51 53 55 56 57 58 61 62 63 64 68 69 70 71 72 75 76 77 78 80 83 84 85
43 1 2 3 4 5 6 7 8 10 11 13 14 15 16 17 18 20 21 22 23 24 25 27 28 30 32 33 34 40 43 49 52 54 59 60 65 66 67 73 74 79 81 82
42 1 3 9 10 17 20 24 25 26 29 30 31 34 35 36 40 43 44 46 47 48 51 53 54 57 59 60 61 63 64 65 66 68 69 71 72 74 76 77 79 82 85
43 2 4 5 6 7 8 11 12 13 14 15 16 18 19 21 22 23 27 28 32 33 37 38 39 41 42 45 49 50 52 55 56 58 62 67 70 73 75 78 80 81 83 84
43 1 6 19 24 25 26 31 32 33 35 40 41 43 44 45 46 48 51 54 55 56 57 58 59 60 61 62 64 65 68 69 73 75 76 77 78 79 80 81 82 83 85 86
43 2 3 4 5 7 8 9 10 11 12 13 14 15 16 17 18 20 21 22 23 27 28 29 30 34 36 37 38 39 42 47 49 50 52 53 63 66 67 70 71 72 74 84
43 1 8 10 12 14 15 16 20 21 24 25 26 33 38 40 41 42 44 45 46 48 49 50 53 55 57 58 59 60 65 66 67 70 71 72 73 74 75 79 82 84 85 86
43 2 3 4 5 6 7 9 11 13 17 18 19 22 23 27 28 29 30 31 32 34 35 36 37 39 43 47 51 52 54 56 61 62 63 64 68 69 76 77 78 80 81 83
43 5 7 8 10 29 32 34 35 36 39 41 42 43 44 45 46 47 48 49 51 52 53 54 56 57 58 60 63 64 66 69 70 71 72 73 76 79 81 82 83 84 85 87
44 1 2 3 4 6 9 11 12 13 14 15 16 17 18 19 20 21 22 23 24 25 26 27 28 30 31 33 37 38 40 50 55 59 61 62 65 67 68 74 75 77 78 80 86
43 1 2 3 7 8 10 16 17 22 30 31 32 35 36 37 38 39 43 47 48 49 53 55 56 57 58 61 62 63 64 65 66 67 68 69 70 72 74 76 79 84 86 87
44 4 5 6 9 11 12 13 14 15 18 19 20 21 23 24 25 26 27 28 29 33 34 40 41 42 44 45 46 50 51 52 54 59 60 71 73 75 77 78 80 81 82 83 85
No solution
44 17 19 23 24 26 28 29 31 33 34 38 39 40 41 43 44 46 47 49 50 51 52 54 55 56 58 59 61 62 65 66 68 69 72 75 76 78 79 81 82 84 85 86 87
44 1 2 3 4 5 6 7 8 9 10 11 12 13 14 15 16 18 20 21 22 25 27 30 32 35 36 37 42 45 48 53 57 60 63 64 67 70 71 73 74 77 80 83 88
44 1 3 12 14 17 18 26 28 35 37 41 42 44 45 48 49 50 51 52 54 56 57 58 60 62 64 65 67 68 69 70 71 73 74 75 77 78 79 81 83 86 87 88 89
45 2 4 5 6 7 8 9 10 11 13 15 16 19 20 21 22 23 24 25 27 29 30 31 32 33 34 36 38 39 40 43 46 47 53 55 59 61 63 66 72 76 80 82 84 85
44 8 13 16 24 25 27 28 29 30 32 34 35 36 37 39 41 42 44 49 50 51 53 54 56 57 58 59 60 62 63 64 67 70 72 73 74 76 77 80 82 83 85 86 89
45 1 2 3 4 5 6 7 9 10 11 12 14 15 17 18 19 20 21 22 23 26 31 33 38 40 43 45 46 47 48 52 55 61 65 66 68 69 71 75 78 79 81 84 87 88
45 3 13 17 21 28 31 32 34 38 40 41 44 45 46 47 48 49 50 51 52 57 59 60 61 62 63 64 65 66 67 68 69 70 71 75 76 79 81 82 83 84 85 87 89 90
45 1 2 4 5 6 7 8 9 10 11 12 14 15 16 18 19 20 22 23 24 25 26 27 29 30 33 35 36 37 39 42 43 53 54 55 56 58 72 73 74 77 78 80 86 88
45 3 6 7 10 12 16 18 20 21 22 24 25 28 33 34 35 36 38 42 45 46 47 48 50 51 57 58 60 61 66 67 69 70 71 72 73 75 78 79 80 81 82 83 89 90
45 1 2 4 5 8 9 11 13 14 15 17 19 23 26 27 29 30 31 32 37 39 40 41 43 44 49 52 53 54 55 56 59 62 63 64 65 68 74 76 77 84 85 86 87 88
45 3 13 14 17 21 23 28 31 34 42 43 44 45 46 47 48 49 50 52 54 57 58 59 60 61 62 63 64 65 67 68 69 70 71 72 73 76 77 78 80 82 85 86 87 88
46 1 2 4 5 6 7 8 9 10 11 12 15 16 18 19 20 22 24 25 26 27 29 30 32 33 35 36 37 38 39 40 41 51 53 55 56 66 74 75 79 81 83 84 89 90 91
45 2 5 7 10 11 13 16 17 27 28 31 33 35 36 37 38 39 41 44 45 46 48 50 53 56 58 59 61 62 63 64 65 68 70 72 75 76 77 81 82 83 84 86 89 90
46 1 3 4 6 8 9 12 14 15 18 19 20 21 22 23 24 25 26 29 30 32 34 40 42 43 47 49 51 52 54 55 57 60 66 67 69 71 73 74 78 79 80 85 87 88 91
46 6 8 15 17 18 33 34 38 40 43 44 46 47 48 49 51 53 55 56 57 58 59 60 61 62 64 65 66 67 68 69 72 73 74 77 78 79 80 81 82 84 85 86 89 91 92
46 1 2 3 4 5 7 9 10 11 12 13 14 16 19 20 21 22 23 24 25 26 27 28 29 30 31 32 35 36 37 39 41 42 45 50 52 54 63 70 71 75 76 83 87 88 90
46 4 7 9 13 14 16 17 21 22 30 31 32 33 34 37 39 41 44 48 51 52 53 54 55 58 62 63 64 65 66 68 69 70 71 74 75 77 78 79 80 81 84 85 86 87 92
46 1 2 3 5 6 8 10 11 12 15 18 19 20 23 24 25 26 27 28 29 35 36 38 40 42 43 45 46 47 49 50 56 57 59 60 61 67 72 73 76 82 83 88 89 90 91
46 4 5 10 13 16 20 22 27 32 33 34 35 40 42 43 45 47 48 49 51 53 54 55 58 59 60 62 63 66 67 68 69 71 73 75 76 77 78 79 80 82 83 84 86 88 93
47 1 2 3 6 7 8 9 11 12 14 15 17 18 19 21 23 24 25 26 28 29 30 31 36 37 38 39 41 44 46 50 52 56 57 61 64 65 70 72 74 81 85 87 89 90 91 92
46 4 6 13 14 18 24 26 31 33 37 40 41 42 45 46 47 49 50 52 54 56 57 58 59 60 66 67 68 69 70 71 73 74 75 76 78 79 80 81 83 85 86 87 89 91 92
47 1 2 3 5 7 8 9 10 11 12 15 16 17 19 20 21 22 23 25 27 28 29 30 32 34 35 36 38 39 43 44 48 51 53 55 61 62 63 64 65 72 77 82 84 88 90 93
47 4 8 10 14 22 24 26 27 37 38 39 41 42 43 45 46 47 48 50 51 55 56 57 58 59 60 61 62 63 65 66 67 68 69 70 71 73 77 78 79 84 85 86 88 90 92 93
47 1 2 3 5 6 7 9 11 12 13 15 16 17 18 19 20 21 23 25 28 29 30 31 32 33 34 35 36 40 44 49 52 53 54 64 72 74 75 76 80 81 82 83 87 89 91 94
47 2 3 4 7 8 10 15 17 19 23 24 29 30 35 38 40 45 48 49 50 52 53 55 56 57 58 60 63 65 67 68 70 71 72 73 75 76 78 80 83 85 86 88 89 90 91 92
47 1 5 6 9 11 12 13 14 16 18 20 21 22 25 26 27 28 31 32 33 34 36 37 39 41 42 43 44 46 47 51 54 59 61 62 64 66 69 74 77 79 81 82 84 87 93 94
47 1 3 4 8 9 11 15 26 30 33 35 39 44 47 48 49 50 51 52 53 54 57 59 60 62 63 64 65 66 67 70 73 75 76 79 80 81 82 83 84 85 86 88 89 90 93 94
48 2 5 6 7 10 12 13 14 16 17 18 19 20 21 22 23 24 25 27 28 29 31 32 34 36 37 38 40 41 42 43 45 46 55 56 58 61 68 69 71 72 74 77 78 87 91 92 95
47 1 10 12 13 16 18 20 23 25 28 29 30 33 34 35 36 37 39 41 42 47 48 51 52 53 55 56 57 58 59 62 64 65 66 67 68 70 71 73 78 83 85 87 90 92 93 94
48 2 3 4 5 6 7 8 9 11 14 15 17 19 21 22 24 26 27 31 32 38 40 43 44 45 46 49 50 54 60 61 63 69 72 74 75 76 77 79 80 81 82 84 86 88 89 91 95
48 8 13 26 27 29 30 32 35 41 42 43 44 46 47 51 52 53 54 55 56 58 60 61 64 65 66 68 69 70 71 72 73 75 77 78 79 81 82 84 85 86 87 88 92 93 94 95 96
48 1 2 3 4 5 6 7 9 10 11 12 14 15 16 17 18 19 20 21 22 23 24 25 28 31 33 34 36 37 38 39 40 45 48 49 50 57 59 62 63 67 74 76 80 83 89 90 91
48 11 12 15 17 19 29 32 36 38 39 42 45 46 47 48 49 50 52 54 55 56 58 59 60 61 62 65 68 69 70 71 73 75 76 77 78 79 81 82 83 84 85 88 89 92 93 94 95
48 1 2 3 4 5 6 7 8 9 10 13 14 16 18 20 21 22 23 24 25 26 27 28 30 31 33 34 35 37 40 41 43 44 51 53 57 63 64 66 67 72 74 80 86 87 90 91 96
48 1 11 17 20 27 29 31 33 42 44 45 47 49 50 51 52 54 57 58 59 60 61 62 63 64 65 66 67 68 69 70 72 73 74 77 78 79 82 84 87 88 89 91 92 93 94 95 96
49 2 3 4 5 6 7 8 9 10 12 13 14 15 16 18 19 21 22 23 24 25 26 28 30 32 34 35 36 37 38 39 40 41 43 46 48 53 55 56 71 75 76 80 81 83 85 86 90 97
48 2 5 8 9 10 18 21 28 30 31 33 37 38 39 40 42 43 44 49 50 52 53 54 55 57 58 59 60 62 63 64 65 66 67 68 71 72 76 79 81 87 88 91 92 93 94 95 97
49 1 3 4 6 7 11 12 13 14 15 16 17 19 20 22 23 24 25 26 27 29 32 34 35 36 41 45 46 47 48 51 56 61 69 70 73 74 75 77 78 80 82 83 84 85 86 89 90 96
No solution
49 1 3 4 6 13 14 16 18 21 26 28 31 32 35 36 37 40 42 43 45 46 47 50 51 53 60 61 62 63 64 66 70 73 78 79 80 81 82 83 84 85 86 90 91 92 93 94 95 97
49 2 5 7 8 9 10 11 12 15 17 19 20 22 23 24 25 27 29 30 33 34 38 39 41 44 48 49 52 54 55 56 57 58 59 65 67 68 69 71 72 74 75 76 77 87 88 89 96 98
No solution
49 1 3 4 8 12 17 22 23 24 26 28 29 30 33 39 49 50 51 52 55 56 57 58 59 61 62 63 64 68 69 70 71 72 73 74 75 77 78 79 84 85 86 89 90 93 94 96 98 99
50 2 5 6 7 9 10 11 13 14 15 16 18 19 20 21 25 27 31 32 34 35 36 37 38 40 41 42 43 44 45 46 47 48 53 54 60 65 66 67 76 80 81 82 83 87 88 91 92 95 97
50 3 6 8 9 12 18 19 20 22 26 32 39 46 49 50 51 52 53 56 57 58 59 60 61 65 67 68 69 70 71 72 73 74 75 77 78 79 82 83 84 85 87 88 89 90 92 94 98 99 100
50 1 2 4 5 7 10 11 13 14 15 16 17 21 23 24 25 27 28 29 30 31 33 34 35 36 37 38 40 41 42 43 44 45 47 48 54 55 62 63 64 66 76 80 81 86 91 93 95 96 97
50 3 5 6 7 9 12 13 17 18 19 20 22 24 28 31 35 37 40 41 42 44 45 49 51 52 54 55 56 57 59 63 65 66 69 70 74 77 78 80 81 82 83 85 86 92 95 96 97 98 100
50 1 2 4 8 10 11 14 15 16 21 23 25 26 27 29 30 32 33 34 36 38 39 43 46 47 48 50 53 58 60 61 62 64 67 68 71 72 73 75 76 79 84 87 88 89 90 91 93 94 99
1 1
99 2 3 4 5 6 7 8 9 10 11 12 13 14 15 16 17 18 19 20 21 22 23 24 25 26 27 28 29 30 31 32 33 34 35 36 37 38 39 40 41 42 43 44 45 46 47 48 49 50 51 52 53 54 55 56 57 58 59 60 61 62 63 64 65 66 67 68 69 70 71 72 73 74 75 76 77 78 79 80 81 82 83 84 85 86 87 88 89 90 91 92 93 94 95 96 97 98 99 100
