Grid 1.
    Game Won

Grid 2.
              
    1   2     
    1 2 1     

Grid 3.
    Game Won

Grid 4.
    Game Won

Grid 5.
    Game Won

Grid 6.
                                                                                    
                                                                                    
                                                                                    
                                                                                    
                                                                                    
                                                                                    
                                                                                    
                                                                                    
                                                                                    
    2 2 2 2 2 2                                                                     

Grid 7.
    Game Won

Grid 8.
    Game Won

Grid 9.
                                                                                    
                                                                                    
                                                                                    
                                                                                    
                                                                                    
                                                                                    
                                                                                    
                                                                                    
                                                                                    
    5                                                                               

Grid 10.
    Game Won

Grid 11.
    Game Won

Grid 12.
    5 5 5 5 5 5 5 5 5 5 5 5 5 5 5 5 5 5 5 5 5 5 5 5 5                               

Grid 13.
    Game Won

Grid 14.
    Game Won

Grid 15.
    Game Won

Grid 16.
    1 

Grid 17.
    Game Won

