9 1450
2 47
0 0
24 4042
6 638
0 0
1 40
0 91
104 16018
10 553
24 3423
94 23432
11 2412
13 2094
4 193
8 745
54 1661
10 3041
0 0
18 2021
0 0
9 671
27 2427
4 815
73 15173
0 147
0 0
19 464
0 0
0 0
0 0
7 64
5 1018
6 655
7 1006
68 10177
0 0
14 4639
8 29
0 0
3 168
14 3359
17 81
102 25537
17 3965
2 81
0 0
0 0
3 358
0 0
100 2998
0 0
11 766
4 297
18 1522
16 1927
69 12456
54 4621
4 752
7 205
0 0
23 1152
1 185
11 380
75 4045
0 1
17 1378
0 0
12 394
6 843
55 2566
9 39
0 12
2 187
27 2482
4 1071
6 364
0 0
13 3089
0 0
70 17401
0 0
2 15
19 343
34 1265
0 0
0 124
74 1655
6 323
7 680
63 14475
46 1822
3 662
70 17642
3 480
5 27
3 985
69 5023
18 1900
17 422
16 1310
0 0
27 620
8 3029
38 8957
25 230
1 451
0 0
1 58
0 10
8 84
3 60
0 164
12 620
13 19
90 26358
1 16
0 0
59 15233
1 176
35 988
0 0
3 123
2 368
9 1644
15 3177
0 0
0 0
1 277
0 0
29 2486
18 738
2 42
0 0
0 0
0 0
11 1201
0 0
115 1645
21 4185
0 96
4 403
4 1096
0 46
17 2127
15 2031
8 74
1 228
17 2638
0 0
2 716
29 1906
0 0
29 3378
0 1
50 8150
15 2312
3 203
1 0
49 4320
0 0
15 2710
20 3831
22 2965
82 2861
1 27
33 5140
33 116
11 141
3 373
3 241
14 699
19 456
6 1413
14 762
23 359
26 2175
36 3679
4 1436
60 5183
64 11088
0 0
0 0
0 0
0 8
0 0
79 7479
122 18494
28 4014
0 0
17 4086
2 105
1 95
10 1221
31 3115
2 53
0 0
5 1016
73 14273
0 0
1 1
0 0
53 5468
0 0
1 104
67 9536
0 0
3 59
30 6061
7 1003
32 5112
0 0
23 1408
6 182
2 994
12 67
4 1443
3 383
0 0
160 37177
1 0
24 394
2 162
32 4679
55 3279
0 0
11 1592
1 486
0 0
45 2539
7 612
32 2542
0 0
0 0
0 0
0 0
2 1
26 2902
19 1700
5 1
12 370
0 392
1 0
6 111
0 0
0 0
1 0
7 286
2 6
6 565
13 640
53 9070
54 8873
3 78
11 1502
5 1097
27 2004
0 0
9 370
63 16795
41 7098
3 675
43 8476
15 641
54 6825
0 0
56 10097
0 0
0 25
17 774
30 4387
2 312
15 2112
41 1749
15 1282
60 4121
2 33
4 566
13 196
49 4104
9 928
0 0
3 645
1 169
23 3223
5 1264
12 1825
2 788
0 0
5 554
31 4591
61 5006
0 3
0 0
21 2329
5 707
35 947
0 0
1 257
1 13
15 2102
2 204
9 2465
2 322
14 1402
2 0
4 644
0 0
50 6641
67 14742
21 3898
32 3621
32 867
30 4255
0 0
4 521
40 545
0 0
12 2159
100 23637
0 0
0 0
1 134
11 264
0 0
16 2782
2 280
24 3818
0 0
11 590
36 3518
0 0
31 4132
15 1531
12 2301
2 886
0 0
4 49
0 0
35 97
29 1211
9 805
12 1777
4 404
12 1686
45 7068
40 11434
8 266
2 134
0 0
31 2251
19 567
11 442
57 14286
1 223
0 0
14 1912
6 2010
0 0
17 1745
3 808
5 1324
102 9322
2 297
0 0
1 200
40 548
12 2058
0 0
24 874
2 83
13 3925
0 0
8 522
0 0
4 630
0 0
0 0
36 4306
0 0
8 695
12 3055
0 0
1 14
13 73
14 2316
91 19183
3 572
4 -1552
3 807
71 14218
0 0
10 1706
1 17
12 176
80 13564
49 3023
14 1693
0 0
4 36
0 0
41 66
13 239
0 0
0 0
0 0
0 0
11 877
44 4043
0 0
0 0
0 0
0 0
36 2076
9 219
2 87
6 366
6 1225
0 0
3 17
12 797
8 655
6 768
16 1586
0 2
0 0
11 837
0 0
1 211
14 98
27 6239
3 391
0 0
46 4358
1 174
34 758
0 0
32 4765
16 225
0 0
58 2065
31 3486
24 3302
14 3489
8 360
0 0
5 71
4 8
6 27
8 2478
12 922
49 9090
0 0
1 11
57 8800
60 6302
79 16765
5 251
34 4458
0 0
10 1945
4 109
0 1
27 6421
0 0
60 3568
21 184
44 4443
3 -515
14 3994
2 43
12 1395
23 4444
9 1832
5 128
0 0
3 399
10 1963
2 349
13 534
34 892
3 130
71 4937
24 2694
1 59
20 5694
0 0
52 6094
0 0
4 122
87 22104
128 14158
0 0
24 3314
92 772
12 166
0 0
5 810
11 306
25 5193
