           9999999999
           9999999999
           ----------
          89999999991
         89999999991
        89999999991
       89999999991
      89999999991
     89999999991
    89999999991
   89999999991
  89999999991
 89999999991
 --------------------
 99999999980000000001

                    4
                    7
                    -
                   28

                  135
                   46
                  ---
                  810
                 540
                 ----
                 6210

           9568954654
                 5468
           ----------
          76551637232
         57413727924
        38275818616
       47844773270
       --------------
       52323044048072

                12345
                  862
                -----
                24690
               74070
              98760
             --------
             10641390

                    1
           4565465421
           ----------
                    1
                   2
                  4
                 5
                6
               4
              5
             6
            5
           4
           ----------
           4565465421

            546746546
                    1
            ---------
            546746546

            456465465
            465465456
            ---------
           2738792790
          2282327325
         1825861860
        2282327325
       2738792790
      1825861860
     2282327325
    2738792790
   1825861860
   ------------------
   212468905814477040

              4564654
                    0
              -------
                    0

            654654564
            458786107
            ---------
           4582581948
                   0
          654654564
        3927927384
       5237236512
      4582581948
     5237236512
    3273272820
   2618618256
   ------------------
   300346418847342348

                    0
               456451
               ------
                    0
                   0
                  0
                 0
                0
               0
                    -
                    0

            874585712
             78954181
            ---------
            874585712
          6996685696
          874585712
        3498342848
       4372928560
      7871271408
     6996685696
    6122099984
    -----------------
    69052198605261872

                 7451
                  445
                 ----
                37255
               29804
              29804
              -------
              3315695

                    4
            775418685
            ---------
                   20
                  32
                 24
                32
                4
              16
             20
            28
           28
           ----------
           3101674740

             45658721
              5457821
             --------
             45658721
            91317442
          365269768
         319611047
        228293605
       182634884
      228293605
      ---------------
      249197126306941

              4532121
              4548754
              -------
             18128484
            22660605
           31724847
          36256968
         18128484
        22660605
       18128484
       --------------
       20615503527234

             45879893
            411786321
            ---------
             45879893
            91759786
          137639679
         275279358
        367039144
       321159251
       45879893
      45879893
    183519572
    -----------------
    18892712346343653

           5487874512
               542121
           ----------
           5487874512
         10975749024
         5487874512
       10975749024
      21951498048
     27439372560
     ----------------
     2975092018319952

           9999999999
           9999999999
           ----------
          89999999991
         89999999991
        89999999991
       89999999991
      89999999991
     89999999991
    89999999991
   89999999991
  89999999991
 89999999991
 --------------------
 99999999980000000001

                    4
                    7
                    -
                   28

                  135
                   46
                  ---
                  810
                 540
                 ----
                 6210

           9568954654
                 5468
           ----------
          76551637232
         57413727924
        38275818616
       47844773270
       --------------
       52323044048072

                12345
                  862
                -----
                24690
               74070
              98760
             --------
             10641390

                    1
           4565465421
           ----------
                    1
                   2
                  4
                 5
                6
               4
              5
             6
            5
           4
           ----------
           4565465421

            546746546
                    1
            ---------
            546746546

            456465465
            465465456
            ---------
           2738792790
          2282327325
         1825861860
        2282327325
       2738792790
      1825861860
     2282327325
    2738792790
   1825861860
   ------------------
   212468905814477040

              4564654
                    0
              -------
                    0

            654654564
            458786107
            ---------
           4582581948
                   0
          654654564
        3927927384
       5237236512
      4582581948
     5237236512
    3273272820
   2618618256
   ------------------
   300346418847342348

                    0
               456451
               ------
                    0
                   0
                  0
                 0
                0
               0
                    -
                    0

            874585712
             78954181
            ---------
            874585712
          6996685696
          874585712
        3498342848
       4372928560
      7871271408
     6996685696
    6122099984
    -----------------
    69052198605261872

                 7451
                  445
                 ----
                37255
               29804
              29804
              -------
              3315695

                    4
            775418685
            ---------
                   20
                  32
                 24
                32
                4
              16
             20
            28
           28
           ----------
           3101674740

             45658721
              5457821
             --------
             45658721
            91317442
          365269768
         319611047
        228293605
       182634884
      228293605
      ---------------
      249197126306941

              4532121
              4548754
              -------
             18128484
            22660605
           31724847
          36256968
         18128484
        22660605
       18128484
       --------------
       20615503527234

             45879893
            411786321
            ---------
             45879893
            91759786
          137639679
         275279358
        367039144
       321159251
       45879893
      45879893
    183519572
    -----------------
    18892712346343653

           5487874512
               542121
           ----------
           5487874512
         10975749024
         5487874512
       10975749024
      21951498048
     27439372560
     ----------------
     2975092018319952

