(69,40,118) maps to (3,41,180)
(40,59,172) maps to (3,41,180)
(38,86,174) maps to (3,72,213)
(64,246,146) maps to (97,250,123)
(162,76,105) maps to (179,25,44)
(58,196,168) maps to (47,229,205)
(216,31,187) maps to (165,29,216)
(177,19,59) maps to (179,25,44)
(95,111,67) maps to (75,169,43)
(0,91,3) maps to (52,140,3)
(93,96,30) maps to (52,140,3)
(24,89,76) maps to (23,164,64)
(81,225,40) maps to (75,169,43)
(223,106,214) maps to (165,29,216)
(118,225,143) maps to (97,250,123)
(215,250,165) maps to (137,219,176)
(80,179,6) maps to (75,169,43)
(244,7,153) maps to (165,29,216)
(235,134,64) maps to (253,134,81)
(215,224,142) maps to (137,219,176)
(184,201,228) maps to (137,219,176)
(4,155,45) maps to (23,164,64)
(142,97,170) maps to (112,147,167)
(120,249,10) maps to (75,169,43)
(246,208,7) maps to (253,134,81)
(131,143,210) maps to (112,147,167)
(176,136,115) maps to (112,147,167)
(20,109,198) maps to (3,72,213)
(163,184,96) maps to (137,219,176)
(62,53,201) maps to (119,37,204)
(116,113,30) maps to (155,116,7)
(130,3,22) maps to (179,25,44)
(167,198,16) maps to (155,116,7)
(176,128,76) maps to (155,116,7)
(64,0,212) maps to (119,37,204)
(249,217,55) maps to (253,134,81)
(134,140,151) maps to (112,147,167)
(176,9,41) maps to (179,25,44)
(147,165,181) maps to (112,147,167)
(95,108,195) maps to (112,147,167)
(22,225,92) maps to (23,164,64)
(42,144,204) maps to (12,188,203)
(27,41,195) maps to (3,41,180)
(4,249,237) maps to (47,229,205)
(230,45,67) maps to (179,25,44)
(196,86,99) maps to (253,134,81)
(148,202,255) maps to (99,193,230)
(241,143,209) maps to (253,134,81)
(199,244,101) maps to (137,219,176)
(231,15,19) maps to (179,25,44)
(94,108,9) maps to (52,140,3)
(93,125,141) maps to (112,147,167)
(52,1,205) maps to (3,41,180)
(46,171,132) maps to (23,164,64)
(44,73,154) maps to (3,41,180)
(146,244,153) maps to (137,219,176)
(178,199,215) maps to (137,219,176)
(242,125,226) maps to (165,29,216)
(202,173,183) maps to (137,219,176)
(10,255,64) maps to (23,164,64)
(97,73,6) maps to (155,116,7)
(42,42,148) maps to (3,41,180)
(197,169,200) maps to (137,219,176)
(26,125,68) maps to (23,164,64)
(55,170,89) maps to (23,164,64)
(11,204,254) maps to (12,188,203)
(170,23,66) maps to (179,25,44)
(181,199,253) maps to (99,193,230)
(16,7,80) maps to (3,41,180)
(254,3,0) maps to (179,25,44)
(215,5,161) maps to (165,29,216)
(114,81,119) maps to (112,147,167)
(183,94,169) maps to (165,29,216)
(94,86,94) maps to (112,147,167)
(146,170,10) maps to (155,116,7)
(63,150,159) maps to (112,147,167)
(180,43,215) maps to (165,29,216)
(205,227,208) maps to (137,219,176)
(43,252,83) maps to (97,250,123)
(186,217,89) maps to (137,219,176)
(2,236,71) maps to (23,164,64)
(38,165,24) maps to (52,140,3)
(61,74,71) maps to (52,140,3)
(26,30,19) maps to (52,140,3)
(76,248,58) maps to (97,250,123)
(112,89,23) maps to (155,116,7)
(41,233,162) maps to (47,229,205)
(45,134,161) maps to (112,147,167)
(98,219,190) maps to (137,219,176)
(165,225,178) maps to (137,219,176)
(97,66,199) maps to (119,37,204)
(81,92,190) maps to (112,147,167)
(216,10,91) maps to (179,25,44)
(15,227,111) maps to (23,164,64)
(109,152,51) maps to (75,169,43)
(74,170,189) maps to (112,147,167)
(237,203,149) maps to (253,134,81)
(94,213,122) maps to (97,250,123)
(58,93,75) maps to (23,164,64)
(178,24,15) maps to (179,25,44)
(12,170,176) maps to (12,188,203)
(61,88,34) maps to (52,140,3)
(209,243,68) maps to (253,134,81)
(56,183,112) maps to (23,164,64)
(234,220,224) maps to (137,219,176)
(37,196,202) maps to (12,188,203)
(237,86,164) maps to (253,134,81)
(100,32,13) maps to (179,25,44)
(227,99,2) maps to (155,116,7)
(172,182,36) maps to (155,116,7)
(19,27,63) maps to (3,41,180)
(118,49,87) maps to (179,25,44)
(146,59,118) maps to (179,25,44)
(147,226,104) maps to (97,250,123)
(80,194,248) maps to (99,193,230)
(5,156,93) maps to (23,164,64)
(107,61,176) maps to (119,37,204)
(77,212,107) maps to (97,250,123)
(100,136,55) maps to (75,169,43)
(192,254,192) maps to (137,219,176)
(166,210,211) maps to (137,219,176)
(198,71,53) maps to (179,25,44)
(160,243,30) maps to (97,250,123)
(0,211,41) maps to (23,164,64)
(74,36,25) maps to (179,25,44)
(174,234,205) maps to (137,219,176)
(223,78,87) maps to (253,134,81)
(15,109,177) maps to (3,72,213)
(180,127,21) maps to (155,116,7)
(69,150,34) maps to (75,169,43)
(44,247,23) maps to (75,169,43)
(3,211,154) maps to (12,188,203)
(228,196,68) maps to (253,134,81)
(13,198,7) maps to (23,164,64)
(135,193,205) maps to (137,219,176)
(146,43,227) maps to (165,29,216)
(78,134,53) maps to (75,169,43)
(195,142,159) maps to (112,147,167)
(3,101,219) maps to (3,72,213)
(206,61,82) maps to (179,25,44)
(212,190,11) maps to (155,116,7)
(34,38,38) maps to (52,140,3)
(26,113,89) maps to (23,164,64)
(169,143,106) maps to (112,147,167)
(68,60,80) maps to (52,140,3)
(19,245,213) maps to (47,229,205)
(167,232,44) maps to (97,250,123)
(82,141,155) maps to (112,147,167)
(154,180,0) maps to (155,116,7)
(70,164,67) maps to (75,169,43)
