4950
4950
  99
  11
 910
 412
 555
 615
 628
 235
 185
 156
 190
 726
  55
1281
 538
 539
 175
1312
 703
 874
1534
 161
1459
1893
  77
 922
 334
  90
 491
  77
 122
1738
 746
 256
1718
 740
 126
 409
 502
1243
2080
 445
 466
3491
 297
1491
1458
  57
  75
1095
1888
1339
1066
 954
 484
  25
 655
  15
 101
 619
2998
 240
 194
1350
1158
 825
  31
 734
 342
 332
 567
 236
1835
 369
  53
1423
 609
   1
 920
 315
 106
 472
1262
1374
 156
 371
1538
 651
 134
1011
 381
 804
  15
 851
1757
  88
 100
 979
 989
 881
 949
 665
1218
 887
 689
1034
  88
 633
 403
1343
  44
 269
1050
1538
 681
 803
 532
 126
 630
4047
2395
  56
 731
 389
 661
 515
 131
 151
 449
 293
1183
 895
 594
 120
 102
 283
 216
 750
 911
 899
 379
 448
1499
 254
1457
1504
 483
1636
 782
 187
 738
 361
 466
 499
 446
 175
  70
3057
 167
 501
 516
 284
1367
1714
 390
1035
1159
 999
2199
 838
  63
1651
1394
 924
1168
  81
 265
 493
 543
 617
 789
 198
 361
1624
1805
 207
 131
  81
 357
 330
1471
 810
 700
 305
 539
1292
 505
 408
 189
 826
1180
1180
1015
 701
 516
 391
 287
 500
1290
 499
1320
 840
  84
 780
 420
 240
 399
1720
1124
1536
1196
 288
 573
 523
1872
  74
2192
 287
1020
 579
 907
 156
 105
  54
 372
1475
1101
  42
 729
1279
 102
  21
 209
1059
1270
1482
 379
  99
  67
  70
 547
 772
 528
 899
1095
  63
 164
 606
 282
 498
 437
2294
 237
 291
 554
 967
 529
 152
 473
  80
  64
 482
 137
 376
2016
 127
 100
1392
1204
 515
 547
1384
 172
2339
 113
 811
 336
 213
  22
2464
  13
  42
 643
 197
 453
 715
 158
 246
1291
  28
 515
 112
1420
 412
 182
 110
1531
 540
 370
  46
 556
  40
 494
 393
 610
 881
 253
2670
 884
2030
 834
 879
1989
 410
1721
 987
1507
 675
 406
2062
1643
1014
1357
 670
1069
 491
 140
 518
 267
1103
 216
 757
1117
1923
1228
 857
 471
1129
1767
 706
2120
 596
 274
 431
2196
  82
 229
  73
  50
 305
1872
  96
 184
  42
  36
 352
 357
1175
  86
1035
 932
 824
 363
 244
  53
 561
 781
1813
 256
 549
 335
 490
1030
 722
  38
 438
 493
1233
 881
 652
 419
1045
 278
1325
 560
 451
1401
2313
2394
 175
 304
1404
 544
 277
1183
2450
1515
 159
 398
 744
 201
1843
 435
 322
 908
  28
 142
  79
 188
 329
1927
1202
 375
 237
1322
1932
 507
 527
 163
 697
 235
1538
  68
 985
 615
 152
 160
1604
 104
 653
 489
 107
 234
2347
 644
 742
 166
 425
1248
 272
 607
 220
 533
1750
1213
1842
 184
 572
2200
 511
 747
 374
  10
1406
 513
2466
 339
1333
  99
 552
 327
 467
1549
1626
1347
1543
 104
1604
 635
 539
 356
 505
1202
 734
 179
 288
 679
 664
 119
2433
 329
 503
 932
  26
 459
 388
 354
 129
 846
 490
 272
1301
 194
 929
 231
 355
 407
1901
 212
 114
 928
 406
 965
 410
 118
 592
 259
 522
 594
 378
 222
3584
  58
 115
1539
 438
2613
 607
  22
 462
2367
 329
   0
 517
1032
2053
 210
 101
 299
1548
1753
 514
 760
2114
1906
1844
1391
 159
1592
 275
1555
 274
 254
 227
2270
 780
 615
 230
 573
 492
 427
 128
1404
 141
1104
2737
 212
 110
1202
2072
 719
 997
 395
 166
 119
 450
 361
 234
 991
1612
 499
 111
2214
  11
 430
1744
1034
 335
 873
  86
 423
2017
 570
 428
 628
1688
 153
  55
2134
1220
 823
 185
 245
 943
 537
 272
1199
 357
 584
 109
 191
 580
 510
2577
2093
 981
 117
 874
 401
 963
 103
1285
 755
 183
 588
1146
 391
1740
 883
1646
1423
 388
 284
 161
 353
1894
 710
  21
  20
 269
 492
 415
 500
2225
 771
 344
 642
1495
 211
  75
 124
 717
 238
1334
1361
 424
 664
 596
 868
2642
 958
1488
 780
1920
1250
 191
1255
 617
 292
  11
 383
 175
 355
  48
 574
 722
 959
 119
 851
 481
1025
 612
 780
 269
 681
2016
1667
 690
 158
 339
 154
 411
 781
 277
  18
 108
1894
2484
  72
 802
 578
  29
3152
 791
 770
1107
1890
 612
 625
 745
 328
1044
1671
 393
 217
 444
 434
2281
1207
1031
  44
 398
 476
3677
 401
1368
 508
1131
  51
 726
 317
 351
 337
 511
2242
 848
  73
1860
 787
   9
1740
1115
 346
1050
 700
1407
 476
 262
 811
 621
 600
1627
 180
 775
2591
 953
 108
1497
 247
 650
 138
  97
 275
 109
 486
1744
1156
1016
1147
  98
 543
 588
 965
 492
 411
1641
 293
1693
 715
1046
 115
 910
 565
1675
1108
1121
1646
 247
  13
2919
2424
 755
 642
 368
2775
 825
 821
1152
 169
 270
 485
1533
 169
 166
 567
 989
 572
 644
 943
 283
2757
 893
 303
 334
 107
 415
1482
 155
  76
 617
 239
1874
 758
 930
  15
1565
 245
 562
1902
 609
 314
 543
2657
  29
 388
 770
1855
 824
2450
 129
 757
 773
 279
 100
2916
 565
 183
  51
 662
2740
 967
 123
 851
1055
 955
 456
 964
  62
 645
1494
 377
1046
   8
1397
 609
 420
 300
 362
 171
 265
 482
 308
 759
 296
1059
 268
 639
 219
1022
2179
 250
 462
2013
 113
 658
  18
 376
 285
 815
 499
 780
1906
 352
  56
 171
 831
 486
1423
2660
2127
 454
 621
1033
 399
 227
 181
 682
1236
 936
  96
  57
 324
 253
1182
 415
1445
1230
1288
1797
1748
1252
 135
1160
 486
  60
 977
 130
 253
 707
 161
 660
  55
 779
2824
  96
 473
 662
1136
  16
 125
 111
 521
 247
1868
 818
 229
2207
 252
 845
  92
  66
 405
1650
 937
 638
 776
1354
 339
1308
 487
1847
 931
 408
 876
1596
 902
 396
1595
 520
 467
 242
 407
 803
  22
 568
  87
2604
 608
 135
 240
 566
  61
  40
 558
 533
 380
2104
 461
  39
 695
 782
 272
1084
 722
  56
 361
 350
1136
 563
 376
 896
 916
1189
1232
1097
 419
1319
 768
  77
 606
 615
1009
 763
  59
 457
1445
 458
1480
 733
 173
 354
 258
 241
 807
 455
2118
  97
 596
1105
1282
 304
2073
  25
 573
 724
  63
1128
  32
  18
 351
1048
 471
  69
 747
 228
 236
1570
 289
1424
  73
 403
 570
1664
 898
1134
1266
 695
1160
3220
 192
2507
1188
 176
1147
 129
1476
2359
  61
 345
 268
1306
1770
 731
1603
1281
 480
 603
 689
 385
 189
1240
 754
 192
 331
 205
1329
1185
2039
1038
 269
 563
 160
1303
1976
1019
1246
1622
 503
 932
 324
 473
 331
 610
 153
 684
2054
 459
 197
 332
 984
 234
1689
2454
2393
1071
 788
1267
 240
 788
  44
1543
1115
2394
 219
 325
 397
  31
 362
1476
1064
1160
1169
 901
 521
 876
 396
 166
  47
 739
 570
 744
 892
 213
 921
 154
 258
 392
 920
 456
1157
 334
2585
 299
 180
   4
 404
  25
3139
 540
 154
 271
 153
 340
 689
 481
 717
 210
1057
2091
 166
 294
 430
2434
1267
 101
1805
 688
2496
 170
 240
1117
2698
 702
1298
 385
1475
1886
 576
2492
 197
2627
  92
2385
1113
 718
 467
 695
 653
 101
 933
 305
 866
 277
 783
 343
 759
3344
 695
1005
 219
 532
1557
1444
1762
1469
 231
 807
 724
1831
 804
1428
 195
1020
 946
1848
 603
 808
2018
 570
1197
 330
  91
  63
 199
2708
 578
 836
1249
 570
  16
 498
 485
1032
 625
1238
 286
  45
 662
1616
 114
2278
 532
 690
 719
  46
  71
2570
  67
1157
 494
2049
1231
 171
 843
2152
  52
 256
1100
 725
 217
1722
1317
 443
1787
 299
1147
 128
 277
 131
   7
 414
1368
 130
 606
 778
1312
 563
1011
3122
 331
2212
 171
2332
 378
1245
2827
  46
 104
 556
 139
1733
2167
 522
 207
  11
 546
 412
 777
1083
 469
   3
1164
2303
 366
 588
1266
 378
 114
 442
 512
 465
 316
  37
 441
1575
 299
 312
 982
 812
2160
 236
2161
1097
  17
 621
1264
 234
 450
 158
1735
 606
 627
2269
  80
 212
  13
 436
1217
 350
 755
 469
 282
   8
 549
  43
 578
  15
 208
1237
  25
 295
1583
 116
1842
 249
 387
 273
 179
2956
 446
1763
 635
1619
1107
 588
 187
1247
3600
2252
2522
 714
  60
 372
1050
  56
 682
 498
1209
 305
 975
 680
1556
 214
   4
1100
1100
 200
 170
1257
 195
 326
 529
 593
 602
 171
 898
1682
 354
  88
 985
3308
  45
1528
 246
1677
3060
 566
 606
 811
  69
 237
2648
  94
 540
 519
 601
 662
  96
2100
 554
   5
 872
2217
 677
2517
1310
 782
  40
 778
 312
 152
1659
1300
 770
 818
 660
2256
 556
1976
 242
1030
1038
  11
1749
 676
1295
1738
 625
 342
 478
 515
1041
  44
 787
  50
 706
 577
 791
1375
 854
 285
1560
1340
 360
  34
1431
 382
2028
 248
 156
 296
 612
 741
 449
 108
 132
 621
1228
1066
 128
2280
 653
 443
 465
1933
 375
1500
  27
 524
 310
1855
 872
 735
 146
 649
2118
1606
 711
 273
1102
1505
 730
 906
1229
 662
 813
1873
1103
1782
1336
 216
 101
1313
 783
 980
1045
 382
1330
1440
1906
 130
 544
 889
 250
 544
 419
2460
 872
2651
 711
 839
 567
1999
 522
 573
  43
 900
 199
 202
1419
  67
  55
 993
 779
1538
1102
 943
 351
  15
1304
1121
 485
 358
 648
1650
1557
 279
 170
  32
1361
2750
1071
2614
 796
  11
 404
1936
 718
 490
 153
 700
 417
1203
1504
 185
1312
 728
2567
1292
 244
 462
2791
 514
 244
 919
 120
 845
  18
 584
1288
3162
1112
1594
1259
 237
2072
 476
 545
1509
 154
  66
1785
 441
1503
 774
1928
1656
  65
 185
  82
1575
 131
 197
2121
 519
 462
  92
1985
 856
 978
 216
 310
1096
 379
 253
 478
 507
 120
 875
1337
 573
2394
 162
2483
1215
1289
 541
 254
 549
1728
2227
 424
 759
  99
 666
2158
  20
1291
2553
2010
   5
 700
 736
  51
 986
 930
 845
 950
1209
 793
 120
 275
2074
2514
 300
2316
 934
 578
 152
 586
 654
   6
 413
 781
1615
 417
 325
  28
 116
 522
 884
  11
1863
 244
 926
 386
 717
1191
1222
 390
 880
1304
1985
1578
 722
 266
2381
3151
1359
1106
 205
1936
 707
1071
  56
 219
 525
 253
 313
1460
 454
 201
1160
 797
 413
 642
2262
 470
 578
2374
1914
 568
 509
 170
1113
 342
 585
  95
 281
 418
 177
1199
  36
 929
 246
1292
 115
 243
1339
1697
1516
  36
  93
 219
 622
 723
1978
 771
  95
1567
 260
1092
 323
 191
 317
1134
1015
 277
 220
  43
 830
 311
 852
 771
1183
 691
 141
1311
1197
1069
1096
 584
 974
1270
1459
 169
1278
 496
 176
 792
 269
 600
 617
  44
 335
 434
1945
 132
 190
1464
 395
1147
  52
 900
  59
 483
3587
  73
 892
1582
3375
 286
 937
 774
 311
 603
 956
 428
 612
 982
 274
1112
 107
 196
  34
 637
1272
1999
1500
 987
  16
2059
2159
 910
 140
 300
 662
 196
 872
 407
 102
 444
 216
 200
 205
1330
 728
  57
1188
 654
1572
 867
 930
   6
  51
  89
2387
2456
1112
 517
 228
 562
 706
1810
 270
 382
  15
  65
 931
 822
 956
 179
 400
 965
1176
 869
1016
1022
  93
2317
3811
1270
1147
 790
 379
 198
 385
 637
 458
  23
  75
 659
1163
1570
  11
 659
 362
  64
 890
 925
 891
1036
1335
  77
 538
 856
1059
1231
 436
2605
1456
 219
 301
 170
 240
 853
 274
 594
1584
1850
 550
 963
 289
 897
 178
  62
 327
 176
1835
 857
 352
 874
 724
  26
 663
1004
 160
 580
 684
1108
3200
1907
 164
 696
3019
 100
 181
 367
 235
 383
 283
 612
 200
 191
 480
 597
 918
1808
1740
 208
 253
1055
 107
1748
 812
 349
  88
1461
 317
 236
1112
 651
 536
 182
 312
 268
1256
1353
2066
1457
1210
 934
  16
 714
 138
 438
2352
 899
   2
1589
 168
 445
  80
1401
 448
 318
 270
 452
 320
 379
 224
 986
  66
  56
 143
2175
  82
2660
 153
  25
 615
 173
 230
 824
1814
 127
 218
 407
 404
 311
 986
 716
1026
 450
1344
 254
  88
 151
 155
 394
 418
   3
  32
2669
 903
 983
2261
 872
 640
 682
 809
 316
  63
2061
 318
 887
 931
 651
 439
 963
 918
 507
 660
 634
 193
 414
  32
 100
 488
 975
 933
 346
 436
 237
 108
 450
 702
 239
  82
 173
 831
 703
1623
 220
 313
 188
 813
 973
2101
1133
 440
 207
1272
2166
 763
 835
 326
 169
  86
2066
 166
 199
  66
1543
 630
 333
 115
  21
 909
1730
 835
1275
 417
 118
 327
 644
 548
 542
 826
1102
1752
  51
1872
 236
 577
1172
 908
  21
 848
 683
 244
 621
 381
1480
 425
1083
  91
 157
 148
 249
 531
 926
1955
 352
1923
 261
 643
 477
 193
  73
 144
1539
 205
 180
 440
 417
1278
 148
 859
 138
 108
 225
1781
1865
2292
 333
 826
 286
 555
  14
 641
1919
 458
 114
 340
 702
1731
1385
1318
1211
 185
1228
 600
2811
1117
1709
 239
 495
 550
 475
 198
1274
  20
1348
 312
 463
 442
 232
2018
 531
2101
1168
1546
 502
 643
1090
 413
 162
1727
  36
  82
1651
1267
  90
 856
  61
1842
1938
 893
 906
2202
 307
1070
2097
1328
 497
 856
 362
 191
  63
 605
 110
3413
1231
1118
 485
  87
2000
 232
 722
 723
2340
 810
  52
1176
 971
 492
 414
 846
1951
 246
1203
2223
 149
  33
1563
 178
1623
  41
1223
  30
 397
 394
1287
1001
 102
 900
 789
 698
1392
 142
  73
 244
 980
1286
 838
 292
 258
 490
 156
 357
1273
 748
   9
 240
 862
 306
1268
 840
1717
1689
 503
 257
 920
1185
 523
 447
 993
 168
 702
 602
1256
2141
 367
  72
 145
 441
 598
  63
1022
1302
 693
 266
1545
2467
  65
 465
1434
 129
 467
1336
 737
1224
 610
 937
 628
 628
 190
 743
1727
 741
1346
 548
 264
 537
1410
2408
 704
 715
 586
 742
 141
 325
 918
 523
3346
1477
 621
 368
1662
 635
 982
 662
 463
1497
1307
2940
  67
1080
1593
2430
 985
 162
 174
  98
1334
 645
 464
 124
 187
 939
 214
2006
  12
 359
 865
 173
 248
1636
 350
1879
 592
 140
 655
 765
  92
2092
1400
 727
1562
 423
 501
 155
1933
 561
  14
1506
1951
 398
1194
1443
 408
 299
3724
 414
 195
 433
2084
 467
 488
 427
 392
 734
 131
 889
 154
 160
1441
1074
 655
1476
 568
1056
 212
 523
 428
 369
 114
 556
1487
3246
2117
  97
 666
 104
 539
1185
1289
  63
1381
 174
 247
1561
1661
  89
 117
1163
1760
1123
  68
1073
 837
 247
 399
 569
1961
 338
 154
 276
 524
1529
 871
1894
1329
 217
 632
 679
1022
 697
 188
 410
1516
  72
1721
1347
 319
1412
 434
 154
 614
2195
 490
1182
1476
 118
 296
 675
1426
1025
 544
 770
 142
  87
 470
 145
 373
 436
1023
  46
 111
 329
 719
  72
 723
1017
 365
 728
 922
 503
3050
   7
 633
 227
 798
 450
 356
3051
 261
 656
  29
1142
1036
 537
  64
  73
 110
 263
1073
2328
 356
 538
 348
1556
 219
1932
 307
 105
 515
 573
 318
 323
 735
 508
1932
  14
  31
 371
1095
 578
1195
1748
 821
1407
 499
2292
 935
1187
 163
1936
 587
 422
 838
 902
 217
 793
  88
3968
1861
 121
 202
 687
1730
 429
1373
2010
1056
  23
 921
1417
  95
 281
1623
 576
 631
 880
1007
1207
 781
 168
1678
 162
 617
 189
 157
  43
 495
 646
 336
  24
 611
 786
2726
 380
  10
 326
1551
 377
   6
  93
1687
 605
  51
 363
 273
 532
 335
2289
  46
 135
1501
 663
1348
2028
  10
1814
 414
 647
1918
 339
 749
 477
  61
 345
1025
1011
1062
 241
1075
 179
  19
1040
1836
 366
 672
 369
 341
1805
 392
 880
 651
2068
 268
 796
1022
 360
 593
 395
1811
 253
  46
 234
1886
 794
 979
 668
 127
 224
 772
 765
 925
 148
 576
 336
 973
 322
 178
  67
 179
2226
 399
 374
1000
 556
1229
1553
  57
1277
 975
 704
 576
 777
1185
 400
1513
  21
 803
1393
  31
 951
 285
  61
1190
 250
 208
 741
 909
 743
1989
 126
 658
  99
 881
 109
 132
1227
1750
 236
  82
 121
 677
 322
  93
  67
 366
1151
 560
1277
 158
  21
 514
1148
2464
  66
 383
 958
1175
 232
1031
1375
 697
 580
2592
 883
1779
 145
 504
3410
 125
 343
 346
 717
 182
 636
 935
2382
 373
 791
1670
1586
 254
 783
 470
 415
 761
 564
 131
  14
 174
1617
 166
1079
 101
1192
 788
 103
1037
 282
 100
2897
1329
 139
2405
 438
2064
 627
2359
  35
 320
 576
 776
 822
 640
1145
 981
  65
1025
1020
   3
1365
 571
   4
 564
 730
 271
 208
 224
1312
 953
2606
 746
 626
  35
 308
  98
  65
 166
 224
1934
 560
   6
1704
 829
 205
 880
 656
2144
 141
  47
 829
 326
 189
 967
 895
 569
1253
 751
 623
 376
 578
1633
 986
 349
 166
1898
1483
1693
 254
 256
 508
 517
  82
 631
1113
  66
 634
  45
 315
1419
 208
 160
 271
 253
1044
  68
 131
1621
1274
 609
  84
 434
 405
 641
 161
1211
 559
2087
 116
 390
 384
1641
1139
 109
1590
 153
 606
 556
 869
 671
 865
1469
 140
 437
1484
1368
 127
1441
 720
 165
1046
 982
1803
1986
 124
1221
 757
 540
 534
 367
  55
 213
1292
1421
1724
 756
1002
 608
1249
 381
2037
 623
 321
 953
 618
 173
 143
 193
 371
 121
1219
 400
 242
 627
 578
1413
 116
  16
 838
 133
2018
 243
1121
  91
 184
 291
 674
1107
 329
1156
 193
1610
  50
  80
 162
  71
 462
1226
 254
1453
1645
 955
1802
1233
1370
  79
   9
 416
 586
  32
1038
 641
 140
1338
 492
1091
 292
  11
 108
  12
1198
 971
1730
1981
 136
  89
 214
 545
 267
 789
1155
  44
 223
  25
 789
 201
 159
 124
1981
 961
 646
 196
 626
 156
1148
 550
 832
 400
  61
 228
 394
 316
 391
2289
1331
 371
 677
2224
2586
1310
 791
 930
 631
 369
 329
 987
1019
 530
 598
 791
3086
 261
1627
  66
 114
1043
 863
 335
 197
2253
  89
 184
 875
  23
 547
  75
1548
 793
2520
1428
 833
 621
   9
  76
1430
  98
1322
1187
 628
2694
1259
 590
 132
 463
 293
 273
 936
 324
 160
1990
 445
 241
1236
 628
 233
1665
 356
  33
 616
 124
2373
 206
1239
1267
 401
 301
 862
2111
 693
2341
 385
1397
 154
 676
 812
 205
 269
 139
3558
  68
 234
1038
 170
 305
1533
1765
2194
 528
 241
 152
 654
1738
1848
 402
 816
2431
 499
1580
 705
 126
 697
 187
 324
 674
1333
 495
2745
2961
 295
2715
 992
 868
  27
 379
1492
 993
 226
 422
1623
1657
 140
 965
1236
 294
  53
 628
1387
2558
 256
2223
1479
 133
 659
1442
 754
 948
2113
1846
 690
1651
  93
 148
1526
 615
1030
 374
 303
 523
 216
 890
 421
 888
 372
1202
1039
1238
 345
 607
 139
  98
  48
 770
 593
 534
1559
 951
 173
  95
1590
 191
1035
1474
1025
1963
 244
 652
 923
 601
 111
 354
 473
 685
 880
 973
 103
1875
 491
1942
 940
1225
 616
1304
 535
  99
 660
1595
 773
 469
 714
1229
 639
2081
  44
 378
1553
1809
1503
  94
 323
1156
 695
 455
 118
 376
1329
  11
 607
 864
 661
 714
 123
1209
  95
 891
1018
 967
 340
1552
  28
 391
   1
2203
 791
 566
1138
  76
 391
  63
 319
 650
  10
 528
  44
 135
 493
  88
1719
 244
 150
 173
1959
 463
 592
 291
 315
1771
1588
2091
1771
 137
  54
1625
 731
 487
 377
 510
2592
 107
 484
1130
  72
 992
 885
 954
 498
1532
 733
 973
 405
 684
3307
 163
1456
 679
 759
 526
1733
2172
1296
 266
1041
 477
 457
 211
 680
 823
  89
   7
 467
1225
1497
 979
 431
 597
1458
2076
1644
 607
1970
3204
 514
 313
  45
 443
  74
   4
1187
 335
1384
 769
 381
2465
1028
 434
  92
 148
 553
 198
 155
1177
  47
1420
1898
 683
1007
 559
  74
1271
  13
 288
1159
1753
3198
 604
1013
1954
 136
1394
2455
 259
 360
1946
2258
1388
  13
 835
 464
 478
 158
1056
 494
1516
 830
 429
2685
 266
 618
 437
 721
 890
 115
3101
 931
 690
 298
 524
1684
1034
3189
 369
 134
1691
1237
1340
 180
1551
 224
1656
1316
 374
 668
 720
 319
  20
 868
2377
 194
 293
1469
 132
 284
 157
 128
 729
1090
 264
2185
1785
2380
 458
 826
 553
1817
 228
1224
1001
  51
 210
 159
 437
2623
 507
 198
1448
1364
1109
 544
  91
  25
2408
 938
1828
 841
  26
2716
 168
  26
 361
 705
1241
 173
 331
1355
 734
 214
 243
 813
1044
1430
  97
 540
2798
1389
 118
  38
1740
 813
  38
 319
 787
1216
  70
 168
1797
 163
 187
 479
 121
 444
1754
 258
 342
 124
 591
1262
2367
 506
 309
 391
1044
 192
 378
 929
 688
 496
  14
1086
 504
2783
 279
 264
 319
 988
  62
 246
 243
 935
2486
 262
 632
   5
 435
 147
 860
 817
2208
 654
  58
 458
 311
  91
 665
 635
 370
 542
 400
 536
1406
 354
 382
 149
  40
  13
 459
 368
1083
1053
  63
 536
 122
 171
 841
 960
1327
 610
 540
 259
 935
 315
 610
1075
 451
1135
2420
 985
1896
 687
 447
 784
1941
 658
 298
  92
2163
 812
  43
 850
1277
2541
 106
 328
 571
 369
 148
2279
1564
 714
 185
 219
  81
  38
 314
 871
1691
 780
 675
  29
1110
1276
2484
  50
1030
  21
 455
 124
  28
  20
 566
 278
1343
 944
1432
   8
 670
1252
 401
 932
 186
 785
 220
2239
1931
1399
1386
1482
 385
1236
 906
 352
1487
  52
 942
 634
 633
1018
  97
 143
 108
2386
1752
 373
 866
  19
 419
 968
 813
  36
  12
  53
1099
 132
 307
 626
 372
 791
 888
1189
  56
   3
 241
 351
 252
  28
 812
1403
  16
1046
 389
 259
  95
1558
1279
3087
 652
 815
 975
 873
 325
 285
 947
 375
 207
1188
 894
1246
 403
1107
 622
 102
 612
 346
 654
 141
 386
 228
 622
 659
 554
2124
 369
 601
 431
 233
1411
1095
 687
 757
 158
 629
 184
 820
1070
1916
1433
2177
  82
 710
1501
 590
2006
  44
1271
 141
 497
  59
 449
 228
1680
  98
 277
 895
 561
  39
 890
 317
 823
 357
 190
1964
 335
   8
 433
  25
2165
 202
 670
 980
 380
 870
 578
   8
1120
 532
1475
 559
 497
 115
 273
 451
 808
 315
 172
1986
 558
 347
  29
 237
 919
1252
 230
 503
  56
2013
  94
 604
  77
 579
 142
 782
 563
1415
1121
  12
 119
 355
 643
 716
 192
  11
1000
 185
 772
 889
1091
1087
 115
  78
 544
1025
 167
1722
 606
 404
 601
1431
 182
 812
2253
2113
 476
 157
 381
  89
 576
2073
1350
 136
 329
  67
1157
 342
  15
1049
1146
 479
2107
  29
 582
  34
 522
 446
 487
1073
1353
 298
2113
2174
1975
 471
  38
 517
 923
2149
1093
2023
 168
 564
1348
1389
2076
 299
2037
1958
3371
 409
 526
1997
 181
 370
 146
 514
1184
 690
 982
 155
1471
 461
  45
 250
 144
 623
 694
1469
2604
  71
 996
1010
 123
  77
1488
 163
 609
 324
 407
 588
 766
 173
1007
 462
  45
 500
1197
 179
 173
 448
2405
 749
 998
  31
 174
 889
 536
 490
 513
  87
1028
 466
 125
1752
 216
1738
 250
 501
1297
  19
 516
1543
1609
  11
 251
 266
 452
2121
 414
1030
  36
 431
 346
1191
 300
 912
1230
1174
 464
 666
 622
 195
2484
1007
 415
1074
 727
 762
 509
1288
 310
  83
 482
 498
1301
 595
 119
 792
  35
1172
 469
 993
  77
 548
 561
1056
 110
2072
1168
  44
 992
 175
 243
 258
1071
 192
1045
1188
1727
  87
 653
   4
1850
1066
1427
1320
 504
 186
 857
 136
 729
  55
 369
1028
  69
 424
 145
 478
1047
 104
 259
 182
 267
 819
1232
 416
 827
 312
 983
1364
 719
1112
 184
 839
 882
 757
1485
 102
 558
1368
 843
 381
 758
 859
 643
  15
 253
1962
1965
 310
1523
1281
 136
 356
  27
1034
 240
 156
2157
 738
 439
 463
1239
 427
2443
1330
 272
1668
  42
 794
 344
  55
 338
  39
1815
 289
 458
 993
 110
 313
1461
  69
 996
1523
  32
 636
  57
 311
1254
 473
 452
1727
 982
 293
 529
1140
 391
1005
 466
 142
 827
 489
 175
1042
 814
 231
1011
 147
 117
1105
 218
1441
 651
 323
 142
 775
 813
 464
 279
1078
 145
 553
1788
 331
 620
 307
 681
 399
1988
  25
2395
  28
 310
2041
 602
 195
 470
 770
 588
 140
2191
 154
 307
  12
 706
 836
 478
 890
 767
 192
 994
 443
 405
 703
 799
1042
2358
 814
 670
 204
 367
 951
  24
 992
 600
 925
1979
 587
2514
3061
 100
 206
 383
  79
 684
 491
 563
 698
 201
 840
  15
 506
 260
 139
 716
 508
 638
 354
   4
 837
 427
 347
1173
1819
 303
 187
 979
  30
 212
 406
1129
2025
2588
3339
 501
  70
 244
1219
 203
1094
 175
 559
 932
  11
 391
1956
 145
 723
   5
1503
3479
  24
   3
 237
   1
 829
1255
 406
 108
1054
 712
1283
1547
 127
 190
 211
  15
2013
 856
 132
2131
  72
 930
   9
1084
 384
 886
1163
1635
 413
  56
 985
  19
1032
 396
  12
  52
1416
 130
  52
  87
1791
 296
 756
 780
 839
 676
 488
 544
  11
  62
 675
2155
 234
 715
 544
1357
 362
  42
2313
1885
 546
 160
 757
 232
 881
 211
1495
 203
  81
 494
 638
 984
 837
 455
2458
 193
2120
 420
 135
 576
 632
 686
 990
 172
1486
 570
 764
 309
 566
 345
 475
 670
2157
 270
 667
 340
 218
 197
 143
1018
 763
 850
 877
  22
 542
 511
 945
   3
 653
 438
1484
 799
 254
1451
 367
 127
 807
 449
 620
1172
 124
1065
 536
 188
 361
 776
  19
  47
  18
 919
1301
1598
 590
1460
 707
 140
 162
 293
 580
 301
 825
1416
1162
 960
  23
 746
1347
 894
1133
 146
 885
 250
 294
 496
2258
 265
2337
 429
 478
  74
 779
 144
 502
  27
 665
 488
2019
  81
   4
 832
 144
1132
 635
 385
 297
 426
1354
1091
 416
1089
 687
 243
 700
 370
 820
 164
1148
 360
2484
 852
1132
 601
1402
 380
2897
 297
 375
1118
 841
1514
 354
 644
 170
 395
 979
  53
 379
 525
2915
2240
 516
  95
 829
  76
 562
1537
 629
 338
 748
 247
  46
2143
 385
 595
1237
2077
 783
 535
1481
 376
 320
 412
1916
3354
 257
2499
 122
  58
1232
1184
 512
  85
 487
  20
 104
1342
 712
 150
  10
1755
 873
 700
 560
 267
  30
 284
1195
 895
  18
 206
 693
 234
 101
 306
 282
 729
 194
1804
1083
 272
 931
 985
1845
1153
 707
 943
1711
 460
1652
 199
  18
 403
1545
1105
 365
 303
 106
 166
 406
1262
  97
 572
  95
 352
 470
1582
  37
1535
 330
 274
 746
  90
 892
 110
2289
 218
 247
1063
 973
 371
 317
 612
 910
 463
 846
 171
 200
1800
1473
1298
 369
1165
2501
 553
  62
 121
1221
  61
 157
  54
 773
 959
 225
1095
 280
  94
 838
 779
1243
 336
 835
 228
2425
 508
2350
 427
 569
 137
1898
  78
 428
 122
1537
 499
  14
 953
 411
1211
1565
1150
1375
 146
 387
1147
 947
 405
 224
 658
1526
 499
 773
  87
1493
 160
 396
 406
 842
  28
 393
 593
 163
1018
 222
 170
2271
1236
2204
1399
2760
1388
 881
   8
   3
1016
 641
1486
2055
1638
 902
 478
1273
 935
2001
 660
 633
1490
 224
 520
 847
 327
  45
 556
 434
 452
 306
 696
 113
 647
 252
1445
 640
 818
1538
 262
 666
2743
  45
 460
 515
 965
 117
 936
 247
1662
 207
 176
 656
1386
   7
 212
 768
 397
 582
  30
 448
 924
1956
1189
   2
1036
 235
 485
  61
  17
  14
 760
2283
 112
 843
1311
 989
1249
 503
 871
1309
  63
 543
1051
  47
1630
 471
 586
  40
   5
  86
 578
 196
  18
 545
 204
 717
1526
1199
  11
1065
 169
 247
 982
 974
 866
 520
2806
1865
1182
 341
 482
 290
 407
 360
 360
  90
 387
1508
 249
 165
 103
 289
 722
1947
 210
 349
1589
1222
2147
 631
 603
 620
 393
1304
1006
1145
 961
 331
 153
 192
1251
2994
1353
1787
 207
1851
 619
 876
2064
1543
1084
  42
2676
 136
 366
  84
1486
 274
 484
 813
  98
 907
1823
1029
 407
 750
1411
 215
1197
 372
 349
 504
1248
  33
 127
 412
 800
 761
 572
 559
 163
 147
 323
 297
2757
  72
 917
  66
 272
 385
 963
1925
 354
 990
1348
  18
 134
 807
 213
1011
 790
 446
  35
 541
  80
 294
  64
  65
 189
  64
1131
 104
1361
 696
 528
 190
 895
1045
1593
1620
 334
  40
 519
  47
 482
1965
 176
 801
 941
1071
 505
   7
 757
1045
1932
1706
  84
1121
1251
 507
1196
 694
 353
 292
 877
 504
1110
 150
 136
 132
 392
 143
2378
1035
 374
 614
  10
1228
 167
  29
 207
 695
 322
2509
1027
 431
 144
1855
 995
 795
1673
2049
1252
 330
 518
 415
 137
 559
 154
 316
1683
 163
 580
 106
 204
 665
 328
2494
1451
 954
 372
 113
 173
1538
3084
1273
 711
1213
 509
 230
1308
1168
 298
 543
 903
 960
 402
1293
 897
 690
1762
1020
1977
 654
 183
  56
 389
 254
 304
 539
1784
1392
  34
 724
 140
1135
 291
2414
 119
  51
1261
  64
1170
 332
 482
 120
  79
1316
1167
 192
 406
 170
1621
 110
 121
1074
 378
 358
 124
2378
  13
2483
 958
1106
 233
1205
1739
 687
1331
 129
 292
 836
1519
 532
 261
 547
 424
 645
 617
2299
 110
 245
  29
 192
1739
 700
 450
 571
 141
1125
 486
1708
3222
 657
1834
 113
1226
 177
 172
 284
 441
 412
 451
 109
 798
2896
1914
1085
   4
1214
 688
 158
3255
 534
 205
 237
 171
  44
  57
 928
 587
  25
1050
  87
 289
 453
  30
 588
 367
 235
 805
1594
 930
2742
 694
 890
 515
3447
  71
 260
1053
 993
1412
 661
 535
 602
1602
   0
1566
 269
 153
2111
 589
1020
 362
 260
 199
 221
 410
   3
1452
 321
 735
2369
 238
 847
 374
 266
 308
  62
1273
 692
 680
 301
1131
 375
 845
 196
 518
1442
 325
 222
 129
1765
 342
1757
 648
   3
  97
 384
 301
 200
 813
1528
1137
 941
1196
 502
1055
 262
1264
 318
 175
 343
 139
1166
 293
 163
1384
 279
 511
 804
 326
  28
  79
1311
 930
  74
 343
 764
 104
 399
 480
 334
 146
 574
1021
 694
  23
 215
 246
1335
 887
1900
1346
2646
  36
 269
 451
 918
2850
 204
1212
 922
2443
 368
 331
1292
 442
 361
 660
1815
  78
 104
 160
1389
  72
2880
1303
4060
2538
 726
 829
 350
 473
 110
 257
 481
 367
  88
1211
 351
 489
 953
1008
  51
 223
 903
2255
1335
   6
2238
1257
 160
 155
 910
1776
 386
 570
 217
3288
1148
 155
  14
 436
 887
 521
2110
1324
 775
 252
 611
 371
1366
 873
 521
 917
 711
 518
2256
1045
   4
 234
  15
1173
 770
 255
 595
1194
1038
 304
 317
  62
 126
 117
2240
 620
 889
 775
  35
  72
 700
 786
 477
 495
1196
 755
1125
2064
 235
 519
 951
1125
 331
 673
1555
1045
 571
  53
1309
2886
 896
1571
 285
 404
1653
1130
 476
2265
 323
 939
 143
 433
 443
 245
 701
  17
 135
  26
2700
1029
 516
 991
 317
1837
 916
 766
 489
1123
3147
1802
 336
 725
 237
 559
1163
1951
  65
 180
 168
2693
 386
1322
1520
1457
 120
1854
 207
1064
1131
 277
 322
1052
2720
1431
1870
 599
 612
 378
1372
1807
 244
   5
 989
2075
 114
 637
2541
1642
 141
 235
1006
1098
1024
 175
 486
 928
 496
1047
1538
1019
1343
2930
  15
 850
 173
 302
 865
 649
 614
2684
 635
   2
1550
 335
 507
 147
  51
 849
 330
 885
  87
1477
  32
 620
1403
 630
2882
1225
 717
  32
 257
1423
 324
1948
 897
  21
 757
 611
2124
 155
1747
 270
 402
 557
 536
 842
1575
 512
 152
  13
 309
 502
  87
 101
 147
 432
   6
 626
  68
 628
 805
 799
 131
1478
2637
 316
 611
 480
  50
 213
 100
 692
1094
1274
 230
 622
 846
1017
1775
 268
  95
1683
 510
  23
 170
 307
1344
1551
1409
 821
 571
 501
1519
1027
1971
2347
 844
  30
  95
  42
 336
 347
 172
1367
 473
1695
 963
 607
 145
 177
1323
1587
 870
2350
1122
 597
 346
1198
1145
 814
1889
 773
 267
 428
  14
 145
2327
1017
 169
 776
1455
1075
2065
  50
 360
 475
  72
 133
 184
1861
2031
 498
 514
 285
1166
1570
 889
1861
 194
 431
1691
 675
 393
 228
1243
 299
1163
  71
 826
 798
 243
2466
 308
 617
1804
 321
 833
 938
 146
 711
 440
 813
 166
 488
 309
1183
 412
 668
 583
 499
 353
 173
 293
 623
 897
 858
 366
 480
 258
 500
 166
 275
2114
 763
2050
 614
  39
 728
1019
1605
 721
 220
1758
 282
   5
1350
 270
  26
1355
 157
   0
1277
 296
 621
  66
2392
2050
 338
 305
  25
 212
1534
 415
 122
1171
  18
 688
 172
1441
 745
 470
 680
 590
 657
 290
1160
 293
1029
 329
 773
1656
 196
 329
 653
 126
1455
 936
 415
 136
 729
 139
 342
1282
2167
2180
  39
 105
 340
 964
 152
 255
1480
 176
 641
 195
2540
 464
1003
1150
1483
 914
1089
 165
1350
 115
 688
 541
 809
 493
 274
 285
 847
 190
 862
 537
 346
1225
2599
1865
2039
 421
1769
 551
 649
 393
 485
 357
 303
 335
 438
  90
1923
 546
 257
 684
1060
 233
 533
 105
1323
 531
1682
1287
  65
 344
 206
 726
 779
 239
 465
 281
 926
 227
 539
1775
 429
 227
 744
 902
1461
 486
 222
 410
 940
 706
1062
  42
 437
  62
1233
 146
 829
 861
1833
 319
 266
 836
 687
  16
 504
 947
 467
 629
 963
 881
 481
  86
1490
 228
1402
1454
 202
  83
 830
2487
 319
 622
 499
2264
 516
 306
1178
 411
 361
 321
 265
 151
 375
 278
1769
1330
 364
 196
 188
 784
1520
 303
1760
 206
1735
1155
 403
 288
  96
2231
 355
 393
1223
 700
  38
 787
 957
 404
 348
 271
 293
 589
 720
2080
 137
1089
 138
 744
  15
  29
 254
  50
 441
 303
 623
 831
 532
 498
 374
1401
 366
 325
 911
 214
  71
1537
1505
 184
 677
 807
 583
 123
 677
 628
1836
 178
  79
  23
 522
 754
 734
1501
 370
  18
 559
 325
1123
1572
1302
2086
  55
1232
 450
 524
 576
1175
 420
 245
1799
 719
 960
  28
 449
 477
 631
1080
 626
 932
 299
 283
  56
 927
 199
2464
 839
 116
 663
1329
1263
 597
 466
 714
  66
  50
 214
 167
 610
 616
 552
 996
 392
 134
  82
1348
 281
1103
2485
 265
  15
 162
 567
  98
1294
 223
1342
 598
 470
 612
 253
  87
 334
 745
 385
 503
 262
 740
  72
  56
 712
 411
 370
1313
1072
 918
1232
1697
1026
 849
 109
 749
2035
  32
1095
 840
 614
1130
 451
 133
1617
 385
 869
 120
1130
 222
1128
 477
 642
 321
 120
 375
 396
  96
 765
 337
 152
2872
 660
1669
 956
 434
 170
 298
1314
 145
1479
 473
 472
 676
 376
1497
 259
  19
 129
 873
 546
1112
1460
 149
 725
  52
2926
 162
 818
 727
  92
  19
 476
 192
 164
 568
1925
  17
  74
  10
 265
1316
1839
 298
2276
 664
 381
2472
 272
3354
2211
 513
 371
 302
   8
  17
 203
 661
  33
  29
2400
 191
1007
1253
 627
1740
 313
1009
2495
  36
1954
1342
  46
 359
 230
1700
 802
 920
1847
 375
2358
 318
  40
   1
1160
2509
  40
  49
 174
 361
2908
1459
 282
1476
 621
1097
2092
 701
1042
 248
 235
 286
1081
 729
1266
 630
 405
  61
 649
 811
  93
 142
2008
1658
 973
 324
 806
1508
 783
 207
 342
 396
 237
  59
 128
 147
2486
1592
 482
 126
1306
1128
 408
1067
 241
 120
 477
2042
 231
 825
2078
 235
1881
 580
 911
2127
  95
 150
  11
2388
1455
 229
 685
 279
1260
 565
 712
2322
 111
  46
1277
 199
 326
 838
 628
1940
 184
1997
 303
1072
1706
1154
 243
 340
 612
 258
 848
 605
2606
 232
1784
 528
1537
 257
1094
 211
1292
3288
1517
  42
2473
 393
1730
1125
 269
 443
 262
 116
 581
1389
 534
  80
1687
 551
  93
 170
 487
1111
  97
 345
 869
 277
 762
 233
1158
 456
 785
 177
2937
  46
 729
1164
1692
  51
 433
  45
 631
1187
 232
 530
 260
 732
 111
 661
 794
 903
1714
 480
 710
 717
2506
 188
 648
  27
 846
  47
1077
1452
 818
 593
1329
 271
 675
 632
 945
 298
1127
 455
 336
 109
 294
 478
1086
 795
 859
 827
1995
 761
 729
 736
 494
1511
 301
 445
 475
 952
  89
 178
1333
 973
1675
 350
1282
1853
 773
 258
 865
 581
 911
1006
1602
 142
1026
 165
  86
 404
1102
 731
1418
 890
 365
1892
 550
 881
 171
 128
2101
 202
  91
 453
 176
 612
1511
 341
3374
 550
 302
 715
1398
1356
3280
  68
 309
1601
 150
1519
 119
 545
 804
 481
 154
 163
 803
  22
 283
1136
 970
 539
1567
 113
 192
2938
 964
 540
 138
 944
 312
2089
 279
 962
1034
 121
  37
3146
 277
1535
 432
 484
1863
1550
2068
1970
 276
 324
  24
 208
 534
  75
 127
1688
 302
1766
 591
1229
 494
 570
 684
  43
 239
1547
 666
 351
  41
 173
   5
 317
 190
1103
1711
1709
  92
 158
 177
  57
 518
 359
 122
 151
1954
 861
  55
 739
 613
  88
 167
 620
1885
1181
 804
1423
 140
 834
  10
 132
 504
1245
 271
2018
 693
1177
 568
  58
2301
  87
 234
1385
  12
1051
1305
  46
 922
1285
 302
  60
1417
1336
1101
1882
 593
 704
 426
 741
 234
2725
 632
2779
 109
1036
2418
  51
1387
 101
 947
 602
 958
 946
 409
   1
1642
 372
 681
 565
 121
2946
  11
 791
 200
 107
 550
 647
 766
 861
 118
 796
1761
1076
 660
 145
 857
  63
 748
 883
 361
1566
 301
  35
 173
 326
 806
 261
 951
 159
 289
1173
1910
1470
 133
 486
 686
  33
 415
 517
1831
  48
1398
 577
 277
 443
 314
  45
 715
 777
1564
1106
1758
3420
 109
 954
 656
 295
1062
1537
  99
 552
 187
1236
 342
  87
1159
2153
 796
 689
1250
  32
 728
1550
2021
 667
 737
  64
1069
 678
1674
 221
 171
 180
 818
1993
 495
 622
1244
1300
 446
1237
 486
 196
 416
1505
 230
 260
 216
 622
 362
 303
 191
1185
 118
 250
 524
 227
 461
2203
1657
 206
  83
 269
1993
  98
 797
 311
 205
 935
  44
3959
 859
 933
 457
1265
 973
  45
 622
 752
 473
 486
  37
1323
2280
 384
 219
 458
1155
 527
1183
 112
1262
1689
 139
1185
 184
1289
1320
 139
1612
1383
 206
  54
  90
1167
1057
 294
 622
1032
 100
 292
1028
  43
1357
2209
 877
1224
1176
 126
1735
 756
 277
 641
 639
 154
 313
 416
 195
  14
 174
 596
2074
 700
 205
 515
 767
 368
 626
 607
 198
  28
 912
1313
 191
 509
1885
 313
  82
3006
 529
1405
1205
   0
 546
1888
  91
 107
 725
  57
 894
 249
 405
1916
 106
 514
1265
1157
 470
   8
1230
1609
2021
3198
 482
1416
1407
 914
 408
  20
 560
 737
  38
2591
1314
 692
 216
1356
 651
1746
1421
2033
 138
 149
 316
 338
 472
 194
 761
1105
1745
 635
 109
 255
1671
   6
2137
 343
2527
1780
 794
  50
 254
1073
  89
  89
 195
 387
 469
 297
  98
 115
1320
1015
 745
1404
 142
 135
 118
 292
1163
 303
 843
 209
 224
 198
 347
 694
 155
 148
 408
  94
 761
 152
  49
  36
 283
 328
1075
  49
 697
2215
 859
1684
1820
 590
 879
1693
 295
  57
  56
 494
2441
 127
 684
 574
 479
1719
 936
 537
 838
 238
 489
2200
  68
 384
 519
 408
 287
 378
1326
 519
1513
 852
2465
 503
 123
 975
 364
 394
1312
 226
2977
1288
 717
1949
1471
 353
1629
 285
1715
1205
 139
1162
1686
 100
1451
  96
1449
 889
1120
 493
2611
  91
  89
 628
 981
 694
 176
2630
  89
 416
 694
 499
 915
 217
1121
 413
 774
2642
 429
 440
 848
  12
 586
1551
 394
 657
 742
  47
  36
 467
 854
 740
 323
 116
 117
1462
1027
 463
 392
  92
 274
 907
 105
 207
1053
 308
 184
1397
 511
1144
1076
 301
 459
1361
 568
1502
 487
 224
  79
 823
 465
 106
2061
 252
1250
1049
1039
  91
 980
 691
 126
1343
 518
 357
 270
 599
 172
 145
 148
1948
1015
  87
 971
1785
 722
 443
 579
1753
 920
2428
   8
 682
 191
 685
2418
 708
  46
 107
 103
1935
 634
 474
2168
 363
 306
  97
  64
1270
1975
 349
  74
1242
 553
1345
 169
 263
   7
1702
 419
 452
 460
 745
1092
 732
 716
1020
1073
 630
 220
 744
 547
 404
  44
1031
2119
1129
  24
  18
 453
 691
 106
 396
 822
 476
 323
2326
 906
 218
  47
 476
1543
 600
 321
 923
 332
 551
1077
 915
1339
 139
 454
 174
1426
 307
 504
 344
 707
 265
 505
 502
1068
1032
 642
3043
 570
1302
 349
 451
 161
1397
  43
1044
  99
1056
 444
 785
  28
1629
 958
 616
   3
1106
 839
 921
  17
2587
 263
1008
 557
 956
 147
 188
 222
1080
  63
 302
 574
 182
 538
3178
 815
 148
 710
  72
 855
 496
 686
 840
 545
1922
 390
2245
 708
1553
 725
 767
 587
 516
 531
  67
1042
1369
 185
1861
1679
 721
 579
1313
 250
 291
1594
1310
 431
1621
  61
 187
1417
 471
2870
1234
1090
1373
 522
 200
1025
 414
2317
 576
  70
1258
 712
 546
 255
 281
1764
 213
 592
 276
1105
 637
 376
   9
  24
 280
 139
1394
  68
1328
 129
 214
2926
2590
 218
1104
 500
 603
  95
 875
1254
1430
 683
 195
  72
 456
 709
  13
 173
 115
  75
 596
   6
 376
2119
1552
2093
 362
 108
 256
1716
 337
 645
 839
 452
1998
1451
 817
 830
1043
  25
  50
 506
 325
1356
 555
 495
 407
 982
 799
 421
 435
1034
  93
1520
 195
 857
 697
 517
 508
1988
 182
  11
 802
  54
 489
1506
  83
 278
1374
1922
 444
  14
1352
 385
 720
  97
  42
 122
 342
 126
1075
 100
1150
 120
 125
  72
1011
 564
1678
1356
 814
 765
  92
 991
1326
 292
 360
1382
 658
1345
 923
  86
 346
 258
2014
  91
 326
 457
 291
 238
 677
 172
1362
1885
 261
  38
1014
 118
1345
 755
 668
 723
 629
 640
 291
 806
 187
 185
 979
1387
 640
1830
 532
 160
 831
 701
 998
 136
  23
1831
1768
1034
 465
 129
 725
 167
 745
 322
 921
 725
  56
 425
 615
 500
 188
 141
 200
 743
 618
 439
 818
1798
 992
 820
 241
1057
1341
 400
 108
 152
2892
 940
 693
 920
 708
 487
  40
 424
2739
1286
1704
 319
 420
1640
 480
 394
2189
 690
 409
  75
1172
 691
1077
 356
 408
1371
1195
 164
 108
 347
1287
  39
 807
 334
 191
 617
1066
1086
  58
 258
 856
1767
 391
 548
1363
 273
 354
  71
2345
2374
 225
1283
1810
 455
2227
2093
 875
1732
  82
1393
 112
3211
 183
 421
  39
 295
1740
1165
 916
 754
 772
 113
 261
 199
 425
 224
  82
  59
1216
 140
 119
 160
1800
  71
 671
 764
1205
 438
 269
 428
2010
 728
2417
3187
1454
1093
2618
 847
 883
 252
 449
 594
 126
 230
  63
1478
 335
 438
  32
1225
 245
 376
1214
 214
1434
 316
  22
2456
1099
1188
 462
  14
 617
 146
1543
 176
  21
 561
 185
 763
 763
 766
1341
 412
 275
 520
1794
1719
2324
 815
 315
 125
 362
 242
1810
 111
1572
 340
  75
 230
  84
 587
 323
 686
 705
1207
2452
 210
 129
 504
 516
 489
 186
 804
3523
2519
1728
1222
  41
 843
1031
2236
1954
 332
 565
 752
 421
 199
 755
 162
1636
1973
 183
2519
1359
 832
 750
 368
  33
 376
  49
 503
 632
 132
1493
  80
 879
 549
 636
 591
 201
 214
 165
 189
 746
 469
 949
 825
 606
 250
1172
1014
1906
1675
 458
 203
1857
 389
1773
 503
  26
1156
 108
 335
 231
 445
1476
1054
 209
 287
 845
 205
 487
 572
 248
 137
1812
 207
  57
 615
 124
 237
 243
 421
1907
1185
 521
  38
 736
 183
 537
 109
 602
 937
 519
2185
  73
 109
 490
 564
 394
  57
 383
  82
 393
 508
1756
 254
 288
1388
 695
 552
 565
1539
 455
  44
 501
 622
 231
1311
 718
 698
 818
  91
  71
 319
   7
 557
 638
1076
  47
 166
1085
 305
 403
 561
 666
1203
 742
1119
 848
 234
1111
1412
 368
1002
 205
  36
1568
 268
 325
1563
1918
 932
  29
 293
 250
 571
 176
 526
 363
 509
 901
1743
 351
 241
1381
1336
  26
 401
1082
 410
 496
 138
 509
 844
 740
  39
 362
1585
 458
 496
 290
 533
 414
  12
 916
 738
 934
1116
1695
 444
 815
1334
 230
1407
2082
 706
1394
 234
  43
2341
 168
 418
1032
 840
 431
 905
 435
 575
  95
 675
 343
 512
1080
 392
 425
 657
 223
1732
 285
 707
 553
1488
 518
 465
 594
  35
  93
 162
 125
 409
  75
 178
 120
 913
 843
 316
 229
1150
 158
 876
 181
1301
 628
 541
1112
 499
 473
 316
 136
 282
 285
 667
1997
  11
1148
1093
1127
 342
 451
 511
 129
 227
 963
 533
 800
 205
3217
 746
 558
1169
 324
 254
 435
 330
 337
  30
  14
 996
 644
1882
1008
  51
 386
 556
 196
 663
  97
 498
1721
1242
 231
 146
 660
1219
 521
1340
1975
1278
 169
 473
1023
1344
 848
1028
1699
1110
 350
1049
 181
 780
  14
1804
 209
 369
1862
1891
  50
1671
1597
 277
 546
 768
 568
 942
 333
1908
1360
 138
1717
 259
2158
 940
 675
 750
  64
 528
 175
 682
1793
  33
 262
 139
 581
1938
  83
 667
  74
4117
1249
 284
1070
1179
  38
 715
 553
 335
1881
  81
 955
 542
 315
 706
2225
 301
 466
  64
1146
 431
  67
1912
1178
1199
 492
 750
   2
 405
2334
 310
1014
 980
1936
1026
 376
1180
1010
   3
 280
1322
 318
 258
 572
 187
1256
 529
 869
 263
1019
 639
 726
  18
1007
 853
 222
 221
 504
 650
 883
 189
 152
1118
 749
  75
  63
 456
 101
  90
1080
 147
  65
1086
 623
 116
 527
1492
 917
 186
 242
 162
1281
  30
 585
1002
 201
 166
 361
 551
1340
1369
  82
1148
 436
2772
1988
 842
  17
2362
  25
1271
 187
 993
 907
  74
  47
 215
   6
 747
 852
 588
 399
 901
 516
  47
 603
 280
  58
1528
 505
 344
  23
1453
  28
 269
2067
1372
 249
 397
 101
 288
 540
 211
2345
1012
1515
1327
 502
 621
 629
 520
1581
 357
1972
2531
 573
1508
2396
1870
 308
 122
 960
 575
1459
1768
2473
1192
 350
 559
  53
  82
  55
1762
 257
  64
  41
 148
1350
 925
1888
  34
1352
  27
 339
 971
 554
  70
1006
1167
1393
  58
2096
 445
 551
  25
 617
 289
 105
 350
  11
 180
3030
 499
1500
1005
 434
 845
 207
 204
 338
1276
1619
1284
  85
 110
  29
 363
1807
 683
1305
 829
1554
 451
 356
 440
 858
 241
 630
 156
 335
 672
 124
1236
 853
1052
 399
 125
 717
1555
 159
 856
 262
  62
 117
  15
1777
 575
 438
 995
 842
 716
 300
 554
1048
1620
 615
 538
1020
2269
 214
1044
 739
1318
 185
 568
 205
2129
 661
1554
 154
1190
 398
  84
1678
1350
 218
2223
 875
1578
 903
 630
 198
2742
 905
 107
 738
3559
 336
 884
 297
 421
1146
 454
1326
 322
1533
1536
 177
 229
 722
1585
  76
  82
 211
 234
1179
  44
1888
 625
 432
  29
 933
  40
 397
 166
 653
1947
  25
 228
 918
2090
 482
 139
1371
 944
 639
2065
 771
1023
 281
 618
1119
 172
  87
2724
 342
 232
 593
 375
 305
1459
 769
 356
 523
 919
 421
 650
 808
 663
1066
1557
 390
 589
 631
1393
3438
 375
 189
1404
  20
  67
 577
1535
1462
  90
  19
 113
1078
  31
 143
1029
 422
 563
 285
 380
 610
  66
1701
   5
 702
 206
 136
 871
2650
 330
 238
 472
 340
 333
1460
 360
2167
 736
1562
1351
 511
 534
   7
 522
 392
2549
1760
 753
2279
  60
 154
 343
 419
 181
 475
2110
 926
 231
 596
 323
 502
 421
1640
  46
1269
 760
 143
1646
 466
1399
1613
1311
 140
  31
 569
1036
 337
 235
1712
 140
1602
1350
2640
1094
 678
 294
 160
 193
1480
 819
1543
 137
1322
 324
 271
 169
 336
1000
 383
 127
  63
 607
 646
 882
  57
 933
 290
2198
 472
1359
 367
 381
 757
 941
 417
 297
2092
2668
 386
 523
2110
 223
 224
 119
 817
 173
2333
 579
 722
 943
 940
2319
1354
 805
 604
 443
1241
 643
  46
  35
 192
1932
 461
 396
 456
 565
 829
 381
 207
1778
 840
1019
 745
 333
1830
 404
 366
  78
 919
 440
1785
 725
 808
 182
 197
1021
 552
 243
 187
2106
1484
 469
 650
 212
1500
1584
 438
 423
  95
1362
 154
1318
 565
  70
 415
1068
 235
 650
1848
 281
1698
  53
 123
 409
 767
2179
 985
 797
 880
 696
 241
 179
2200
 623
 950
 633
 876
 179
 364
1341
 545
1139
 736
 428
 780
1683
 850
 530
 628
1354
 896
 176
  87
 351
 129
 939
 340
 792
 371
 473
 971
 117
 480
 930
 487
 651
 615
1785
 710
 269
1230
 339
 361
  67
 467
1155
  83
 638
1566
1514
 504
 221
1306
1074
 791
 750
 713
1160
 590
 154
  31
 230
2037
 600
 424
 769
 380
1307
 813
 823
2974
 344
 132
2223
1813
 467
 486
1449
1987
1940
 622
  53
 363
 485
 297
1495
 262
 430
1847
 379
  45
 246
 215
 984
   2
  12
 127
2170
 131
 205
 140
 142
 448
 333
1692
1055
  27
 496
 133
1477
 144
1464
 325
  84
 169
 436
1243
 178
  84
3311
1692
1933
1131
2001
1408
 963
1026
 530
 256
 236
 382
  28
  69
 387
1514
1521
 299
 662
1635
1564
 330
 232
 437
1375
2178
  79
1027
 682
 664
1043
1556
1197
 858
1249
 460
 647
 706
 280
 295
2722
 275
 259
1977
1687
 302
  96
 854
 682
 635
1767
 653
 866
1011
 995
1314
 188
 252
 143
  53
 207
1430
 186
 918
 636
 621
 477
 162
1822
 770
1472
 666
1287
  25
 246
 623
 162
 349
 453
2569
 720
 134
 945
 320
1852
  90
 750
 871
 378
2353
1462
 390
 477
 577
1190
1094
 977
 939
   8
 774
 251
1654
 482
 173
1139
 765
1043
1934
 122
1164
 160
 276
 305
1030
2313
 895
 505
 184
1073
1111
 218
1727
1739
 564
 479
  68
 389
1034
1473
 121
 371
 913
 731
1370
 826
 306
 463
 345
1007
2253
 272
 762
 340
 879
2074
 517
 183
 318
2646
 285
1145
 873
 742
1156
 966
 102
1257
 899
 809
 143
 559
  46
 408
  19
 162
 589
 286
 426
2173
 516
  67
 563
2023
  84
1034
 234
 381
 359
 266
 880
 240
 626
 842
3160
3807
 544
 528
 360
 980
 380
 312
 477
 206
1916
 743
 250
2530
 990
1124
 280
 982
1461
1007
 988
1352
 417
1757
 744
 901
  79
 158
 378
  12
 997
 251
1298
 923
1461
1296
 236
2508
 347
 113
 985
 135
 634
 259
 317
 707
1364
 694
 327
1796
 116
 236
 739
 367
 141
2766
1040
 186
1666
 114
 876
1011
 922
  69
 604
 286
 820
 504
2461
 393
 753
 372
 455
1570
1108
 526
2929
 557
 250
1336
1795
1419
2785
2461
 349
 399
 960
2043
  97
 636
 328
 441
2045
1177
 986
1024
 383
2868
 461
 720
1123
1329
 857
 424
 998
2467
 501
 130
 606
 153
1338
 557
 682
2344
 562
 753
 191
1338
  19
 449
 447
 845
 323
 737
 334
 512
1070
 599
  46
1839
 293
   5
 941
 907
 360
   4
 262
 347
 165
 739
  18
  18
 156
 428
1710
 335
   4
 563
 827
 914
 118
 289
2520
 152
 603
  24
 776
 186
 140
 133
  19
  10
1652
1757
 133
  41
1035
 612
1095
 391
1091
 607
1543
1489
1236
 454
1320
1327
 472
1551
1769
 120
 718
1091
 130
  53
1966
 276
2022
 848
 531
 240
  39
1208
 479
1646
1194
 280
  88
 780
  72
 238
 747
1976
 809
1108
 477
 691
1912
  29
2800
 359
1128
 719
3452
 236
 558
 335
 247
  11
 236
1802
 988
  54
 196
 439
 155
 973
 646
1538
1259
  37
 271
 267
 395
 187
 355
 390
1022
1866
 613
 906
3312
2689
 441
 777
1003
 273
 255
 442
2277
 440
  47
 461
 748
 698
 287
1064
1440
1045
  64
 136
1491
 255
 336
   7
 985
  96
2566
1519
1239
2664
 611
 341
 713
 466
1074
  72
 464
 155
 618
  13
  22
1907
1172
 645
3256
 737
 789
  88
 198
 166
1026
1098
1177
 930
 891
1348
2781
  34
  59
 257
1423
2916
 295
 222
 162
 836
 366
 798
 194
 102
1921
 372
  47
 912
 371
 495
1087
  56
2175
  88
 636
 954
2892
3306
 361
 552
  58
 139
  39
 679
   9
1867
 288
 587
 427
 650
1220
 296
 609
 356
 248
 281
 239
 763
 518
1010
 123
 419
  87
 341
 478
 604
 402
1466
 817
 361
 114
1693
1322
 113
1029
1600
1465
 408
 321
  82
 587
1148
 818
   5
1051
2089
 697
 209
  18
 376
1887
  53
 436
1095
 290
 626
 617
1195
1073
 963
2034
 285
 326
1186
 430
  55
 113
 896
 107
  48
 464
1142
 704
 546
 346
 113
 113
1306
 385
  52
 474
 152
1743
 340
 819
 778
 204
 756
 488
 137
 742
 930
 778
 148
2669
   5
1056
 685
 622
  10
 463
 676
1070
1846
 197
2660
 389
 114
 772
 754
  94
2331
 558
 780
 221
 776
 310
 353
 265
1538
 616
  87
  54
 398
  99
  65
  77
 413
 718
1175
  32
 242
1454
 556
 718
 377
 371
1362
2262
 168
  70
  70
 920
  50
  16
 791
1119
  65
1712
1175
 834
 719
1616
 611
 491
 330
 469
1155
 231
 579
  55
 232
1008
1329
 374
 647
 851
 297
 304
  36
2328
2429
 598
1101
 195
 835
 625
 467
 762
 497
1480
 663
   4
2453
 553
1613
 217
 643
1082
 863
 525
 565
1001
1313
 729
1502
1523
 379
 666
 124
 342
 958
 337
   3
2068
 564
1016
 979
 321
2135
 802
1565
 875
  40
1169
2281
 900
 419
 242
 274
1161
  27
 380
 694
 763
1540
 336
1390
1769
 618
1501
 427
 361
  21
 639
  18
 444
 588
 283
 146
 465
1307
 128
1987
1190
 630
 754
  65
 537
1405
2095
 482
 855
 768
1085
1195
 215
 159
 269
1029
 786
 926
 139
 666
 179
 103
2597
 745
 991
 312
 612
1027
1603
1058
 765
 314
  15
1428
 600
1158
 163
1088
 107
  52
 267
 810
  94
 503
 462
 757
 842
 541
 319
1114
 264
  81
 398
  32
  52
  12
 540
 611
 338
 144
 377
 421
2207
 702
 675
 415
 194
 771
 384
  82
1181
2071
 153
 391
 175
 361
 191
1200
  65
 288
1478
 186
 980
 598
1223
 304
 327
 160
  80
 155
1569
 554
 810
 324
 130
 582
 572
 593
 671
 344
 457
1061
 669
1119
 472
 751
1938
 619
 325
  74
 614
 502
  33
  96
 863
1952
3375
 464
  94
1285
 228
1289
 607
 118
 632
 549
 338
   7
2285
1566
 619
1459
 376
1350
1133
3431
 302
1229
 698
 129
1588
 496
1986
 312
1084
  29
1722
 242
1047
 597
 205
 514
 675
  31
1722
 398
 150
 905
  86
 277
  44
 708
 708
 986
 109
1339
   2
 226
 138
 269
 137
 498
 581
1008
  50
 409
 883
1234
 117
 105
 172
 263
 588
 246
1004
1352
1341
1879
1154
 135
 340
 892
 144
 105
  12
1581
1258
 991
 758
1835
 151
1177
1928
 905
1071
1103
 442
 340
 486
 319
 175
 983
 243
 360
 817
1048
 371
2655
 328
 757
1217
 507
  84
 496
 248
 411
 602
1302
 437
 181
 956
 187
2230
 705
1606
  82
1499
 274
1186
 405
  50
 537
1168
 192
  87
 113
  12
 893
 110
 157
 288
1254
 112
 903
1205
  21
 135
2142
 348
 590
 250
  90
1563
 770
 454
 354
 289
 663
 700
  59
 376
1369
 505
1098
1720
 270
1539
1582
2574
 125
1955
 199
 509
 796
1537
1949
1336
1266
 232
 943
 168
1217
1107
 168
 770
 652
1679
 313
 773
1436
 322
 345
 356
 633
 513
1499
2305
 356
 279
  85
1556
 382
1334
 110
 211
 114
 460
 126
  39
1185
2551
 127
  81
 632
2409
  10
 399
 790
 639
 451
 443
1388
2208
   0
 827
 534
 191
2877
 734
1793
 486
1045
 519
 360
   5
1106
 755
1427
  83
1199
 267
1354
 951
  84
 922
  61
 672
 763
 704
1832
 227
   3
2155
2259
 118
 385
 449
 824
 696
 505
  42
 557
1003
 156
 332
 303
1196
1406
1543
 274
 982
2490
 177
2198
 331
  18
1162
  23
 324
1536
 292
 759
 725
 351
1082
 529
1756
1206
  56
 320
 703
 169
1077
 240
1092
 419
1506
  32
  64
 235
 428
 200
 761
   6
1659
 295
 453
1443
2459
 714
 817
 468
 184
 154
1770
 346
 112
 698
 143
 813
 311
   6
  85
1765
 584
1327
1703
1079
1816
 853
 441
 775
 380
 799
1817
1068
 586
1114
 765
  85
 714
 470
   9
 985
 673
 764
 315
 763
  81
  40
1332
1379
1841
 483
  48
 112
 349
 756
 543
 238
 456
1422
 589
 928
   3
1527
 575
  75
 130
1341
 369
 159
 994
 444
 653
 341
 196
1668
2719
 122
 801
 812
 707
 423
 824
 235
1083
2301
 358
 413
 460
 779
1934
1041
1907
 450
 576
 257
1060
 827
 792
3716
 878
 217
 893
 267
 774
 110
 414
 896
1025
 732
 643
 653
1921
 280
 129
1879
  77
 646
 347
 989
  53
1162
1417
 781
 423
 300
 206
 146
2933
 437
 332
 910
  71
 681
  99
  60
1267
 182
   9
 275
  83
1491
1972
 600
1007
1191
 395
1977
  73
 488
1839
 227
1055
 724
1618
 656
 609
 941
 495
 220
 444
1372
 415
 148
1464
1130
 296
1439
 195
  42
1599
 473
 805
1678
2298
 262
  63
2585
 121
 487
 235
1165
1240
 298
 146
  85
3478
 475
1918
 509
 185
 920
 792
 498
 663
 714
 128
1095
2487
 450
2141
1250
 616
2809
  40
1183
1787
 263
1093
 233
 122
1083
 161
  31
 778
2237
  78
 872
1145
1251
 312
  12
2823
2027
 797
1099
 520
  48
 826
 183
 528
1041
1128
  28
1756
1736
2052
 318
 819
1262
 599
 426
1110
 172
2994
 980
 750
 372
 126
 218
 409
2313
 435
  59
2523
 352
1516
 123
1117
 503
1299
 779
   2
1273
 428
 321
 313
 771
 269
   8
1810
 314
2219
 392
 612
  14
 346
 870
1150
 966
 155
 425
 289
2345
1893
   9
 114
  72
 356
 570
 104
1013
 106
 156
 275
1413
  67
 618
 962
 848
 994
1673
 367
2256
 924
 470
 415
 974
 617
1108
 496
  90
1644
  10
  75
 795
 400
 291
 679
 538
   5
 169
 757
 456
  39
1294
 370
 976
 161
2025
1494
 487
 197
 316
 534
 280
 413
 209
1635
 720
 603
 494
 599
 704
1052
1320
 970
2202
  59
 488
 410
  86
 919
 456
 500
 116
 103
 861
 224
 228
 679
2936
1125
 651
  51
 311
2519
  46
1596
1081
 704
 340
1983
 449
1349
 107
 115
 233
1735
1536
  18
2390
 504
 229
 268
 100
 118
 330
 961
 496
 996
 481
1020
1353
 191
 109
1109
 901
  93
2327
 671
 273
  75
 974
 934
 442
1653
1437
 331
   0
 500
1524
  31
 812
  97
 426
 479
 694
 678
 509
 442
1813
  87
 453
 644
 518
 406
 299
 752
 405
 135
 413
 740
1965
 291
 673
 382
1563
 569
2967
1449
1621
 236
1323
 115
   4
 529
  22
 526
 589
2230
 667
1197
 673
2615
 285
 352
1174
 157
2586
 908
 866
 958
 182
 292
 554
 168
 102
 357
 326
 896
 460
  74
1103
1458
 229
 900
 440
 734
1065
1791
 857
 197
  69
 142
1301
2317
1149
 716
1290
 188
 747
1331
  87
1152
 331
1243
 608
 147
  78
2220
 112
 896
1531
 425
  79
 414
 741
 306
1104
1194
  79
1154
1398
 816
 211
 111
2088
 505
1304
 628
  39
  86
 199
 113
 843
 594
1384
1868
1658
  61
2929
 315
 751
 938
1242
